Unity Editor version:    2022.3.13f1 (5f90a5ebde0f)
Branch:                  2022.3/staging
Build type:              Release
Batch mode:              YES
macOS version:           Version 14.3 (Build 23D56)
Darwin version:          23.3.0
Architecture:            arm64
Running under Rosetta:   NO
Available memory:        36864 MB
Using pre-set license
Pro License: YES

COMMAND LINE ARGUMENTS:
/Applications/Unity/Hub/Editor/2022.3.13f1/Unity.app/Contents/MacOS/Unity
-adb2
-batchMode
-noUpm
-name
AssetImportWorker3
-projectPath
/Users/song-eunji/Documents/GitHub/Capstone/Capstone_project
-logFile
Logs/AssetImportWorker3.log
-srvPort
49304
Successfully changed project path to: /Users/song-eunji/Documents/GitHub/Capstone/Capstone_project
/Users/song-eunji/Documents/GitHub/Capstone/Capstone_project
[UnityMemory] Configuration Parameters - Can be set up in boot.config
    "memorysetup-bucket-allocator-granularity=16"
    "memorysetup-bucket-allocator-bucket-count=8"
    "memorysetup-bucket-allocator-block-size=33554432"
    "memorysetup-bucket-allocator-block-count=8"
    "memorysetup-main-allocator-block-size=16777216"
    "memorysetup-thread-allocator-block-size=16777216"
    "memorysetup-gfx-main-allocator-block-size=16777216"
    "memorysetup-gfx-thread-allocator-block-size=16777216"
    "memorysetup-cache-allocator-block-size=4194304"
    "memorysetup-typetree-allocator-block-size=2097152"
    "memorysetup-profiler-bucket-allocator-granularity=16"
    "memorysetup-profiler-bucket-allocator-bucket-count=8"
    "memorysetup-profiler-bucket-allocator-block-size=33554432"
    "memorysetup-profiler-bucket-allocator-block-count=8"
    "memorysetup-profiler-allocator-block-size=16777216"
    "memorysetup-profiler-editor-allocator-block-size=1048576"
    "memorysetup-temp-allocator-size-main=16777216"
    "memorysetup-job-temp-allocator-block-size=2097152"
    "memorysetup-job-temp-allocator-block-size-background=1048576"
    "memorysetup-job-temp-allocator-reduction-small-platforms=262144"
    "memorysetup-allocator-temp-initial-block-size-main=262144"
    "memorysetup-allocator-temp-initial-block-size-worker=262144"
    "memorysetup-temp-allocator-size-background-worker=32768"
    "memorysetup-temp-allocator-size-job-worker=262144"
    "memorysetup-temp-allocator-size-preload-manager=33554432"
    "memorysetup-temp-allocator-size-nav-mesh-worker=65536"
    "memorysetup-temp-allocator-size-audio-worker=65536"
    "memorysetup-temp-allocator-size-cloud-worker=32768"
    "memorysetup-temp-allocator-size-gi-baking-worker=262144"
    "memorysetup-temp-allocator-size-gfx=262144"
Player connection [7993302080] Host "[IP] 172.29.2.74 [Port] 0 [Flags] 2 [Guid] 2145766536 [EditorId] 2145766536 [Version] 1048832 [Id] OSXEditor(0,song-eunjiui-MacBookPro.local) [Debug] 1 [PackageName] OSXEditor [ProjectName] Editor" joined multi-casting on [225.0.0.222:54997]...

Player connection [7993302080] Host "[IP] 172.29.2.74 [Port] 0 [Flags] 2 [Guid] 2145766536 [EditorId] 2145766536 [Version] 1048832 [Id] OSXEditor(0,song-eunjiui-MacBookPro.local) [Debug] 1 [PackageName] OSXEditor [ProjectName] Editor" joined alternative multi-casting on [225.0.0.222:34997]...

[Physics::Module] Initialized MultithreadedJobDispatcher with 11 workers.
Refreshing native plugins compatible for Editor in 8.02 ms, found 2 plugins.
Preloading 0 native plugins for Editor in 0.00 ms.
Initialize engine version: 2022.3.13f1 (5f90a5ebde0f)
[Subsystems] Discovering subsystems at path /Applications/Unity/Hub/Editor/2022.3.13f1/Unity.app/Contents/Resources/UnitySubsystems
[Subsystems] Discovering subsystems at path /Users/song-eunji/Documents/GitHub/Capstone/Capstone_project/Assets
GfxDevice: creating device client; threaded=0; jobified=0
 preferred device: Apple M3 Pro (high power)
Metal devices available: 1
0: Apple M3 Pro (high power)
Using device Apple M3 Pro (high power)
Initializing Metal device caps: Apple M3 Pro
Initialize mono
Mono path[0] = '/Applications/Unity/Hub/Editor/2022.3.13f1/Unity.app/Contents/Managed'
Mono path[1] = '/Applications/Unity/Hub/Editor/2022.3.13f1/Unity.app/Contents/MonoBleedingEdge/lib/mono/unityjit-macos'
Mono config path = '/Applications/Unity/Hub/Editor/2022.3.13f1/Unity.app/Contents/MonoBleedingEdge/etc'
Using monoOptions --debugger-agent=transport=dt_socket,embedding=1,server=y,suspend=n,address=127.0.0.1:56365
Begin MonoManager ReloadAssembly
Registering precompiled unity dll's ...
Register platform support module: /Applications/Unity/Hub/Editor/2022.3.13f1/Unity.app/Contents/PlaybackEngines/MacStandaloneSupport/UnityEditor.OSXStandalone.Extensions.dll
Registered in 0.001859 seconds.
- Loaded All Assemblies, in  0.166 seconds
Native extension for OSXStandalone target not found
Mono: successfully reloaded assembly
- Finished resetting the current domain, in  0.117 seconds
Domain Reload Profiling: 283ms
	BeginReloadAssembly (53ms)
		ExecutionOrderSort (0ms)
		DisableScriptedObjects (0ms)
		BackupInstance (0ms)
		ReleaseScriptingObjects (0ms)
		CreateAndSetChildDomain (0ms)
	RebuildCommonClasses (17ms)
	RebuildNativeTypeToScriptingClass (6ms)
	initialDomainReloadingComplete (24ms)
	LoadAllAssembliesAndSetupDomain (65ms)
		LoadAssemblies (53ms)
		RebuildTransferFunctionScriptingTraits (0ms)
		AnalyzeDomain (64ms)
			TypeCache.Refresh (63ms)
				TypeCache.ScanAssembly (57ms)
			ScanForSourceGeneratedMonoScriptInfo (0ms)
			ResolveRequiredComponents (0ms)
	FinalizeReload (118ms)
		ReleaseScriptCaches (0ms)
		RebuildScriptCaches (0ms)
		SetupLoadedEditorAssemblies (88ms)
			LogAssemblyErrors (0ms)
			InitializePlatformSupportModulesInManaged (4ms)
			SetLoadedEditorAssemblies (3ms)
			RefreshPlugins (0ms)
			BeforeProcessingInitializeOnLoad (1ms)
			ProcessInitializeOnLoadAttributes (60ms)
			ProcessInitializeOnLoadMethodAttributes (21ms)
			AfterProcessingInitializeOnLoad (0ms)
			EditorAssembliesLoaded (0ms)
		ExecutionOrderSort2 (0ms)
		AwakeInstancesAfterBackupRestoration (0ms)
========================================================================
Worker process is ready to serve import requests
Begin MonoManager ReloadAssembly
- Loaded All Assemblies, in  0.274 seconds
Refreshing native plugins compatible for Editor in 0.51 ms, found 2 plugins.
Native extension for OSXStandalone target not found
Package Manager log level set to [2]
[Package Manager] Server::EnsureServerProcessIsRunning -- launch failed, reason: Unity was launched with the -noUpm command-line argument
[Package Manager] UpmClient::Send -- Unable to send message (not connected to UPM process).
[Package Manager] Cannot connect to Unity Package Manager local server
Mono: successfully reloaded assembly
- Finished resetting the current domain, in  0.240 seconds
Domain Reload Profiling: 514ms
	BeginReloadAssembly (50ms)
		ExecutionOrderSort (0ms)
		DisableScriptedObjects (2ms)
		BackupInstance (0ms)
		ReleaseScriptingObjects (0ms)
		CreateAndSetChildDomain (11ms)
	RebuildCommonClasses (17ms)
	RebuildNativeTypeToScriptingClass (6ms)
	initialDomainReloadingComplete (16ms)
	LoadAllAssembliesAndSetupDomain (185ms)
		LoadAssemblies (126ms)
		RebuildTransferFunctionScriptingTraits (0ms)
		AnalyzeDomain (81ms)
			TypeCache.Refresh (74ms)
				TypeCache.ScanAssembly (68ms)
			ScanForSourceGeneratedMonoScriptInfo (5ms)
			ResolveRequiredComponents (2ms)
	FinalizeReload (241ms)
		ReleaseScriptCaches (0ms)
		RebuildScriptCaches (0ms)
		SetupLoadedEditorAssemblies (173ms)
			LogAssemblyErrors (0ms)
			InitializePlatformSupportModulesInManaged (2ms)
			SetLoadedEditorAssemblies (2ms)
			RefreshPlugins (0ms)
			BeforeProcessingInitializeOnLoad (23ms)
			ProcessInitializeOnLoadAttributes (137ms)
			ProcessInitializeOnLoadMethodAttributes (9ms)
			AfterProcessingInitializeOnLoad (0ms)
			EditorAssembliesLoaded (0ms)
		ExecutionOrderSort2 (0ms)
		AwakeInstancesAfterBackupRestoration (2ms)
Launching external process: /Applications/Unity/Hub/Editor/2022.3.13f1/Unity.app/Contents/Tools/UnityShaderCompiler
Launched and connected shader compiler UnityShaderCompiler after 0.04 seconds
Refreshing native plugins compatible for Editor in 0.50 ms, found 2 plugins.
Preloading 0 native plugins for Editor in 0.00 ms.
Unloading 3104 Unused Serialized files (Serialized files now loaded: 0)
Unloading 32 unused Assets / (51.6 KB). Loaded Objects now: 3566.
Memory consumption went from 131.6 MB to 131.5 MB.
Total: 1.726875 ms (FindLiveObjects: 0.073625 ms CreateObjectMapping: 0.025958 ms MarkObjects: 1.566167 ms  DeleteObjects: 0.060875 ms)

AssetImportParameters requested are different than current active one (requested -> active):
  custom:container-demuxer-ogg: 62fdf1f143b41e24485cea50d1cbac27 -> 
  custom:video-decoder-ogg-theora: a1e56fd34408186e4bbccfd4996cb3dc -> 
  custom:CustomObjectIndexerAttribute: 756ad292c208cfabdd7b50bc23989ffe -> 
  custom:container-demuxer-webm: 4f35f7cbe854078d1ac9338744f61a02 -> 
  custom:container-muxer-webm: aa71ff27fc2769a1b78a27578f13a17b -> 
  custom:video-decoder-webm-vp8: 9c59270c3fd7afecdb556c50c9e8de78 -> 
  custom:SearchIndexIgnoredProperties: e643bd26f0fe6173181afceb89e7c659 -> 
  custom:AudioImporter_EditorPlatform: 3918e3fc78b5a79bad01e8451be0beb8 -> 
  custom:framework-osx-AVFoundation: e770b220cccbd017edd2c1fefb359320 -> 
  custom:video-encoder-webm-vp8: eb34c28f22e8b96e1ab97ce403110664 -> 
  custom:audio-decoder-ogg-vorbis: bf7c407c2cedff20999df2af8eb42d56 -> 
  custom:audio-encoder-webm-vorbis: bf7c407c2cedff20999df2af8eb42d56 -> 
========================================================================
Received Import Request.
  Time since last request: 6768.046315 seconds.
  path: Assets/Documents/Pinky UI/Toggle_Button
  artifactKey: Guid(d7b72e78caf4f714f8703df25e726346) Importer(2089858483,0ecaa5967403d082aa24f35e1b516d23)
Start importing Assets/Documents/Pinky UI/Toggle_Button using Guid(d7b72e78caf4f714f8703df25e726346) Importer(2089858483,0ecaa5967403d082aa24f35e1b516d23)  -> (artifact id: 'a5e0d4e62c5fef4845af853ff8cbccde') in 0.047947 seconds
Number of updated asset objects reloaded before import = 0
Number of asset objects unloaded after import = 1
========================================================================
Received Import Request.
  Time since last request: 0.000029 seconds.
  path: Assets/Documents/Pinky UI/Sliders/Slider_Knob_Pink.png
  artifactKey: Guid(a76e41c5c051a144bab55fa486e1c296) Importer(2089858483,0ecaa5967403d082aa24f35e1b516d23)
Start importing Assets/Documents/Pinky UI/Sliders/Slider_Knob_Pink.png using Guid(a76e41c5c051a144bab55fa486e1c296) Importer(2089858483,0ecaa5967403d082aa24f35e1b516d23)  -> (artifact id: '48f5253931724e135d12fc1a4bcc9bcd') in 0.036959 seconds
Number of updated asset objects reloaded before import = 0
Number of asset objects unloaded after import = 3
========================================================================
Received Import Request.
  Time since last request: 0.000022 seconds.
  path: Assets/Documents/Pinky UI/Buttons/Round/Button_Round_Blue.png
  artifactKey: Guid(8caff66cbf3895c4bb3c9b3ab0e0fc53) Importer(2089858483,0ecaa5967403d082aa24f35e1b516d23)
Start importing Assets/Documents/Pinky UI/Buttons/Round/Button_Round_Blue.png using Guid(8caff66cbf3895c4bb3c9b3ab0e0fc53) Importer(2089858483,0ecaa5967403d082aa24f35e1b516d23)  -> (artifact id: '28d44dfbfe33287164f059360fc4e49a') in 0.007148 seconds
Number of updated asset objects reloaded before import = 0
Number of asset objects unloaded after import = 3
========================================================================
Received Import Request.
  Time since last request: 0.000124 seconds.
  path: Assets/Documents/Pinky UI/Icon_White
  artifactKey: Guid(21791b2e23c658b4e924f2dbc360ecf0) Importer(2089858483,0ecaa5967403d082aa24f35e1b516d23)
Start importing Assets/Documents/Pinky UI/Icon_White using Guid(21791b2e23c658b4e924f2dbc360ecf0) Importer(2089858483,0ecaa5967403d082aa24f35e1b516d23)  -> (artifact id: '7bc8b58361834656fe7a573d92640de8') in 0.001021 seconds
Number of updated asset objects reloaded before import = 0
Number of asset objects unloaded after import = 1
========================================================================
Received Import Request.
  Time since last request: 0.000166 seconds.
  path: Assets/Documents/Pinky UI/Checkboxes/Checkbox_Round_Checkmark_Blue.png
  artifactKey: Guid(3d1a3371d48a0a1488b5e0b6efb4770b) Importer(2089858483,0ecaa5967403d082aa24f35e1b516d23)
Start importing Assets/Documents/Pinky UI/Checkboxes/Checkbox_Round_Checkmark_Blue.png using Guid(3d1a3371d48a0a1488b5e0b6efb4770b) Importer(2089858483,0ecaa5967403d082aa24f35e1b516d23)  -> (artifact id: 'f3ae2a6adb84c3589655c71a449a7104') in 0.008919 seconds
Number of updated asset objects reloaded before import = 0
Number of asset objects unloaded after import = 3
========================================================================
Received Import Request.
  Time since last request: 0.000040 seconds.
  path: Assets/Documents/Pinky UI/Progress_Bar/Progress_Bar_Foreground_Blue.png
  artifactKey: Guid(10d2b9f1eae97a040925d4a67400cc24) Importer(2089858483,0ecaa5967403d082aa24f35e1b516d23)
Start importing Assets/Documents/Pinky UI/Progress_Bar/Progress_Bar_Foreground_Blue.png using Guid(10d2b9f1eae97a040925d4a67400cc24) Importer(2089858483,0ecaa5967403d082aa24f35e1b516d23)  -> (artifact id: 'f3ee640974420a12582d32344ec34946') in 0.008059 seconds
Number of updated asset objects reloaded before import = 0
Number of asset objects unloaded after import = 3
========================================================================
Received Import Request.
  Time since last request: 0.000045 seconds.
  path: Assets/Documents/Pinky UI/Icon_White/Icon_Dot.png
  artifactKey: Guid(d444fc22dc6d8124eb893d77582713a2) Importer(2089858483,0ecaa5967403d082aa24f35e1b516d23)
Start importing Assets/Documents/Pinky UI/Icon_White/Icon_Dot.png using Guid(d444fc22dc6d8124eb893d77582713a2) Importer(2089858483,0ecaa5967403d082aa24f35e1b516d23)  -> (artifact id: '74b62e9b9c2b29ffc071fe5c309b1899') in 0.007939 seconds
Number of updated asset objects reloaded before import = 0
Number of asset objects unloaded after import = 3
========================================================================
Received Import Request.
  Time since last request: 0.000113 seconds.
  path: Assets/Documents/Pinky UI/Scene 1.unity
  artifactKey: Guid(eab7b8ca680506d44ae808dd5a94bbfe) Importer(2089858483,0ecaa5967403d082aa24f35e1b516d23)
Start importing Assets/Documents/Pinky UI/Scene 1.unity using Guid(eab7b8ca680506d44ae808dd5a94bbfe) Importer(2089858483,0ecaa5967403d082aa24f35e1b516d23)  -> (artifact id: 'a245a8d762751776bed8c8283cc8dd86') in 0.001601 seconds
Number of updated asset objects reloaded before import = 0
Number of asset objects unloaded after import = 1
========================================================================
Received Import Request.
  Time since last request: 0.000072 seconds.
  path: Assets/Documents/Pinky UI/Icon_White/Icon_Shop.png
  artifactKey: Guid(47df6dfd843da8e428be529b1d6743f6) Importer(2089858483,0ecaa5967403d082aa24f35e1b516d23)
Start importing Assets/Documents/Pinky UI/Icon_White/Icon_Shop.png using Guid(47df6dfd843da8e428be529b1d6743f6) Importer(2089858483,0ecaa5967403d082aa24f35e1b516d23)  -> (artifact id: '2a04286623d3b56f01509627a1e5d102') in 0.007147 seconds
Number of updated asset objects reloaded before import = 0
Number of asset objects unloaded after import = 3
========================================================================
Received Import Request.
  Time since last request: 0.000055 seconds.
  path: Assets/Documents/Pinky UI/Icon_White/Icon_Note.png
  artifactKey: Guid(b9135792ab5dc3d4fb903d34967c0cfa) Importer(2089858483,0ecaa5967403d082aa24f35e1b516d23)
Start importing Assets/Documents/Pinky UI/Icon_White/Icon_Note.png using Guid(b9135792ab5dc3d4fb903d34967c0cfa) Importer(2089858483,0ecaa5967403d082aa24f35e1b516d23)  -> (artifact id: '0efe6bd0a7f2aa29b07b373bccb8bb84') in 0.008003 seconds
Number of updated asset objects reloaded before import = 0
Number of asset objects unloaded after import = 3
========================================================================
Received Import Request.
  Time since last request: 0.000033 seconds.
  path: Assets/Documents/Pinky UI/Radio_Button
  artifactKey: Guid(475af21ef0960b442acc84cf57faad4b) Importer(2089858483,0ecaa5967403d082aa24f35e1b516d23)
Start importing Assets/Documents/Pinky UI/Radio_Button using Guid(475af21ef0960b442acc84cf57faad4b) Importer(2089858483,0ecaa5967403d082aa24f35e1b516d23)  -> (artifact id: '2a4a205cf3dfc1ccef6aa5c1d4d50286') in 0.001459 seconds
Number of updated asset objects reloaded before import = 0
Number of asset objects unloaded after import = 1
========================================================================
Received Import Request.
  Time since last request: 0.000286 seconds.
  path: Assets/Documents/Pinky UI/Buttons/Round
  artifactKey: Guid(81e8e1dd23f97754d9ea6f02902f1829) Importer(2089858483,0ecaa5967403d082aa24f35e1b516d23)
Start importing Assets/Documents/Pinky UI/Buttons/Round using Guid(81e8e1dd23f97754d9ea6f02902f1829) Importer(2089858483,0ecaa5967403d082aa24f35e1b516d23)  -> (artifact id: 'de94c6536fea7a81238a50e1669ffe80') in 0.000989 seconds
Number of updated asset objects reloaded before import = 0
Number of asset objects unloaded after import = 1
========================================================================
Received Import Request.
  Time since last request: 0.000060 seconds.
  path: Assets/Documents/Pinky UI/Dialog_Box/Dialog_Box_Blue.png
  artifactKey: Guid(53a6963790703c8489c4cb0c3d026cb1) Importer(2089858483,0ecaa5967403d082aa24f35e1b516d23)
Start importing Assets/Documents/Pinky UI/Dialog_Box/Dialog_Box_Blue.png using Guid(53a6963790703c8489c4cb0c3d026cb1) Importer(2089858483,0ecaa5967403d082aa24f35e1b516d23)  -> (artifact id: '86214623d799f7ab6db01d8eb98143d8') in 0.008647 seconds
Number of updated asset objects reloaded before import = 0
Number of asset objects unloaded after import = 3
========================================================================
Received Import Request.
  Time since last request: 0.000034 seconds.
  path: Assets/Documents/Pinky UI/Toggle_Button/Toggle_Button_On_Blue.png
  artifactKey: Guid(423cf6f32048a494c9d0450f2bc60f42) Importer(2089858483,0ecaa5967403d082aa24f35e1b516d23)
Start importing Assets/Documents/Pinky UI/Toggle_Button/Toggle_Button_On_Blue.png using Guid(423cf6f32048a494c9d0450f2bc60f42) Importer(2089858483,0ecaa5967403d082aa24f35e1b516d23)  -> (artifact id: 'd05897daacdf160fae44ff565c34ada7') in 0.007443 seconds
Number of updated asset objects reloaded before import = 0
Number of asset objects unloaded after import = 3
========================================================================
Received Import Request.
  Time since last request: 0.000033 seconds.
  path: Assets/Documents/Pinky UI/Icon_White/Icon_Charts.png
  artifactKey: Guid(90f19881effd38846b92bbb64669540a) Importer(2089858483,0ecaa5967403d082aa24f35e1b516d23)
Start importing Assets/Documents/Pinky UI/Icon_White/Icon_Charts.png using Guid(90f19881effd38846b92bbb64669540a) Importer(2089858483,0ecaa5967403d082aa24f35e1b516d23)  -> (artifact id: 'e26c8b9d51c5a46385084595ea278b9d') in 0.007716 seconds
Number of updated asset objects reloaded before import = 0
Number of asset objects unloaded after import = 3
========================================================================
Received Import Request.
  Time since last request: 0.000027 seconds.
  path: Assets/Documents/Pinky UI/Buttons/Oval_Rectangle/Button_Oval_Rectangle_Blue.png
  artifactKey: Guid(5c496139447c40d46ae3cbcda9c82b4a) Importer(2089858483,0ecaa5967403d082aa24f35e1b516d23)
Start importing Assets/Documents/Pinky UI/Buttons/Oval_Rectangle/Button_Oval_Rectangle_Blue.png using Guid(5c496139447c40d46ae3cbcda9c82b4a) Importer(2089858483,0ecaa5967403d082aa24f35e1b516d23)  -> (artifact id: 'b0989661c6a727636042be18c9492375') in 0.008543 seconds
Number of updated asset objects reloaded before import = 0
Number of asset objects unloaded after import = 3
========================================================================
Received Import Request.
  Time since last request: 0.000031 seconds.
  path: Assets/Documents/Pinky UI/Progress_Bar/Progress_Bar_Background_Blue.png
  artifactKey: Guid(4f972257c494abb4eb5338b552c0e9a8) Importer(2089858483,0ecaa5967403d082aa24f35e1b516d23)
Start importing Assets/Documents/Pinky UI/Progress_Bar/Progress_Bar_Background_Blue.png using Guid(4f972257c494abb4eb5338b552c0e9a8) Importer(2089858483,0ecaa5967403d082aa24f35e1b516d23)  -> (artifact id: '2df14a78705d77ae36d8f58148bbbe28') in 0.007737 seconds
Number of updated asset objects reloaded before import = 0
Number of asset objects unloaded after import = 3
========================================================================
Received Import Request.
  Time since last request: 0.000026 seconds.
  path: Assets/Documents/Pinky UI/Sliders/Slider_Foreground_Pink.png
  artifactKey: Guid(24752e8d197227949a2ae0ad57d629a0) Importer(2089858483,0ecaa5967403d082aa24f35e1b516d23)
Start importing Assets/Documents/Pinky UI/Sliders/Slider_Foreground_Pink.png using Guid(24752e8d197227949a2ae0ad57d629a0) Importer(2089858483,0ecaa5967403d082aa24f35e1b516d23)  -> (artifact id: '4d55734b0d982902c3e07ca6d375c779') in 0.007327 seconds
Number of updated asset objects reloaded before import = 0
Number of asset objects unloaded after import = 3
========================================================================
Received Import Request.
  Time since last request: 0.000040 seconds.
  path: Assets/Documents/Pinky UI/Dialog_Box/Dialog_Box_Pink.png
  artifactKey: Guid(d5c0f160ffd665f4fbb9b1591e6e86e4) Importer(2089858483,0ecaa5967403d082aa24f35e1b516d23)
Start importing Assets/Documents/Pinky UI/Dialog_Box/Dialog_Box_Pink.png using Guid(d5c0f160ffd665f4fbb9b1591e6e86e4) Importer(2089858483,0ecaa5967403d082aa24f35e1b516d23)  -> (artifact id: '06c1d47fc00133fb2c5cf841a9ed7f06') in 0.008976 seconds
Number of updated asset objects reloaded before import = 0
Number of asset objects unloaded after import = 3
========================================================================
Received Import Request.
  Time since last request: 0.000059 seconds.
  path: Assets/Documents/Pinky UI/Checkboxes
  artifactKey: Guid(2abd35e38c8a15746bd31e0993e191cc) Importer(2089858483,0ecaa5967403d082aa24f35e1b516d23)
Start importing Assets/Documents/Pinky UI/Checkboxes using Guid(2abd35e38c8a15746bd31e0993e191cc) Importer(2089858483,0ecaa5967403d082aa24f35e1b516d23)  -> (artifact id: 'ea3fb0ecc7d62fc3be909c8a9a9f099e') in 0.001094 seconds
Number of updated asset objects reloaded before import = 0
Number of asset objects unloaded after import = 1
========================================================================
Received Import Request.
  Time since last request: 0.000047 seconds.
  path: Assets/Documents/Pinky UI/Progress_Bar/Progress_Bar_Background_Pink.png
  artifactKey: Guid(8be2ced0c73326945864308cb74a39e4) Importer(2089858483,0ecaa5967403d082aa24f35e1b516d23)
Start importing Assets/Documents/Pinky UI/Progress_Bar/Progress_Bar_Background_Pink.png using Guid(8be2ced0c73326945864308cb74a39e4) Importer(2089858483,0ecaa5967403d082aa24f35e1b516d23)  -> (artifact id: 'a4a8a662f29373e53143c8aa9fcde5e5') in 0.008368 seconds
Number of updated asset objects reloaded before import = 0
Number of asset objects unloaded after import = 3
========================================================================
Received Import Request.
  Time since last request: 0.000026 seconds.
  path: Assets/Documents/Pinky UI/Icon_White/Icon_Exit.png
  artifactKey: Guid(4e1c06b3711e6b84ab3089a2a8d86251) Importer(2089858483,0ecaa5967403d082aa24f35e1b516d23)
Start importing Assets/Documents/Pinky UI/Icon_White/Icon_Exit.png using Guid(4e1c06b3711e6b84ab3089a2a8d86251) Importer(2089858483,0ecaa5967403d082aa24f35e1b516d23)  -> (artifact id: 'e241dce2a1ba51bc2c0ebb10fd4d836d') in 0.007031 seconds
Number of updated asset objects reloaded before import = 0
Number of asset objects unloaded after import = 3
========================================================================
Received Import Request.
  Time since last request: 0.000040 seconds.
  path: Assets/Documents/Pinky UI/Icon_White/Icon_Checkmark.png
  artifactKey: Guid(cd290df35dcb768488d4981a9f56e3a4) Importer(2089858483,0ecaa5967403d082aa24f35e1b516d23)
Start importing Assets/Documents/Pinky UI/Icon_White/Icon_Checkmark.png using Guid(cd290df35dcb768488d4981a9f56e3a4) Importer(2089858483,0ecaa5967403d082aa24f35e1b516d23)  -> (artifact id: 'a77095b87c6c919fddd0beabe373a41d') in 0.007032 seconds
Number of updated asset objects reloaded before import = 0
Number of asset objects unloaded after import = 3
========================================================================
Received Import Request.
  Time since last request: 0.000036 seconds.
  path: Assets/Documents/Pinky UI/Dialog_Box
  artifactKey: Guid(6ee2eb1320a4fef4ba0e1863040c69f1) Importer(2089858483,0ecaa5967403d082aa24f35e1b516d23)
Start importing Assets/Documents/Pinky UI/Dialog_Box using Guid(6ee2eb1320a4fef4ba0e1863040c69f1) Importer(2089858483,0ecaa5967403d082aa24f35e1b516d23)  -> (artifact id: 'abe7de5dfedf933afbcc082f3fa9d473') in 0.001482 seconds
Number of updated asset objects reloaded before import = 0
Number of asset objects unloaded after import = 1
========================================================================
Received Import Request.
  Time since last request: 0.000056 seconds.
  path: Assets/Documents/Pinky UI/Buttons/Oval_Rectangle/Button_Oval_Rectangle_Pink.png
  artifactKey: Guid(c7f2493f0628b064aa3d2bd3e460f88e) Importer(2089858483,0ecaa5967403d082aa24f35e1b516d23)
Start importing Assets/Documents/Pinky UI/Buttons/Oval_Rectangle/Button_Oval_Rectangle_Pink.png using Guid(c7f2493f0628b064aa3d2bd3e460f88e) Importer(2089858483,0ecaa5967403d082aa24f35e1b516d23)  -> (artifact id: '63813d6251c56917c2665da4ae831936') in 0.007105 seconds
Number of updated asset objects reloaded before import = 0
Number of asset objects unloaded after import = 3
========================================================================
Received Import Request.
  Time since last request: 0.000030 seconds.
  path: Assets/Documents/Pinky UI/Icon_White/Icon_Play.png
  artifactKey: Guid(342b484b08205244e82334672a68d0ec) Importer(2089858483,0ecaa5967403d082aa24f35e1b516d23)
Start importing Assets/Documents/Pinky UI/Icon_White/Icon_Play.png using Guid(342b484b08205244e82334672a68d0ec) Importer(2089858483,0ecaa5967403d082aa24f35e1b516d23)  -> (artifact id: '79f31add2679fb2d753a73270a4a69e1') in 0.007137 seconds
Number of updated asset objects reloaded before import = 0
Number of asset objects unloaded after import = 3
========================================================================
Received Import Request.
  Time since last request: 0.000027 seconds.
  path: Assets/Documents/Pinky UI/Icon_White/Icon_Home.png
  artifactKey: Guid(b2132fc342dc04f459682233dc469d3f) Importer(2089858483,0ecaa5967403d082aa24f35e1b516d23)
Start importing Assets/Documents/Pinky UI/Icon_White/Icon_Home.png using Guid(b2132fc342dc04f459682233dc469d3f) Importer(2089858483,0ecaa5967403d082aa24f35e1b516d23)  -> (artifact id: '5a11016e537ec69468c153cc9e930f18') in 0.006749 seconds
Number of updated asset objects reloaded before import = 0
Number of asset objects unloaded after import = 3
========================================================================
Received Import Request.
  Time since last request: 24.768288 seconds.
  path: Assets/Fonts(TMP)/TextMesh Pro/Documentation
  artifactKey: Guid(8e7e8f5a82a3a134e91c54efd2274ea9) Importer(2089858483,0ecaa5967403d082aa24f35e1b516d23)
Start importing Assets/Fonts(TMP)/TextMesh Pro/Documentation using Guid(8e7e8f5a82a3a134e91c54efd2274ea9) Importer(2089858483,0ecaa5967403d082aa24f35e1b516d23)  -> (artifact id: '3e0a6da3d6a4ec7a5a30ee48e7d04289') in 0.002760 seconds
Number of updated asset objects reloaded before import = 9
Number of asset objects unloaded after import = 1
========================================================================
Received Import Request.
  Time since last request: 0.000107 seconds.
  path: Assets/Fonts(TMP)/TextMesh Pro/Resources/Fonts & Materials/LiberationSans SDF - Drop Shadow.mat
  artifactKey: Guid(e73a58f6e2794ae7b1b7e50b7fb811b0) Importer(2089858483,0ecaa5967403d082aa24f35e1b516d23)
Start importing Assets/Fonts(TMP)/TextMesh Pro/Resources/Fonts & Materials/LiberationSans SDF - Drop Shadow.mat using Guid(e73a58f6e2794ae7b1b7e50b7fb811b0) Importer(2089858483,0ecaa5967403d082aa24f35e1b516d23)  -> (artifact id: '102ec20fc4bd6d39070d5381b65ffb44') in 0.020408 seconds
Number of updated asset objects reloaded before import = 0
Number of asset objects unloaded after import = 2
========================================================================
Received Import Request.
  Time since last request: 0.000040 seconds.
  path: Assets/Fonts(TMP)/TextMesh Pro/Shaders/TMP_SDF-Mobile SSD.shader
  artifactKey: Guid(c8d12adcee749c344b8117cf7c7eb912) Importer(2089858483,0ecaa5967403d082aa24f35e1b516d23)
Start importing Assets/Fonts(TMP)/TextMesh Pro/Shaders/TMP_SDF-Mobile SSD.shader using Guid(c8d12adcee749c344b8117cf7c7eb912) Importer(2089858483,0ecaa5967403d082aa24f35e1b516d23)  -> (artifact id: 'db71c5b28077987fe10ce00a08e1c26d') in 0.007210 seconds
Number of updated asset objects reloaded before import = 0
Number of asset objects unloaded after import = 1
========================================================================
Received Import Request.
  Time since last request: 0.000066 seconds.
  path: Assets/Fonts(TMP)/TextMesh Pro/Shaders/TMP_SDF-Mobile Overlay.shader
  artifactKey: Guid(a02a7d8c237544f1962732b55a9aebf1) Importer(2089858483,0ecaa5967403d082aa24f35e1b516d23)
Start importing Assets/Fonts(TMP)/TextMesh Pro/Shaders/TMP_SDF-Mobile Overlay.shader using Guid(a02a7d8c237544f1962732b55a9aebf1) Importer(2089858483,0ecaa5967403d082aa24f35e1b516d23)  -> (artifact id: '06a812dbe76a273203aeafa0eb440d83') in 0.003008 seconds
Number of updated asset objects reloaded before import = 0
Number of asset objects unloaded after import = 1
========================================================================
Received Import Request.
  Time since last request: 0.000062 seconds.
  path: Assets/Fonts(TMP)/TextMesh Pro/Resources/LineBreaking Following Characters.txt
  artifactKey: Guid(fade42e8bc714b018fac513c043d323b) Importer(2089858483,0ecaa5967403d082aa24f35e1b516d23)
Start importing Assets/Fonts(TMP)/TextMesh Pro/Resources/LineBreaking Following Characters.txt using Guid(fade42e8bc714b018fac513c043d323b) Importer(2089858483,0ecaa5967403d082aa24f35e1b516d23)  -> (artifact id: 'd5783e38904f32531442abf77d04d9d3') in 0.002338 seconds
Number of updated asset objects reloaded before import = 0
Number of asset objects unloaded after import = 1
========================================================================
Received Import Request.
  Time since last request: 0.000126 seconds.
  path: Assets/Fonts(TMP)/TextMesh Pro/Shaders/TMP_SDF SSD.shader
  artifactKey: Guid(14eb328de4b8eb245bb7cea29e4ac00b) Importer(2089858483,0ecaa5967403d082aa24f35e1b516d23)
Start importing Assets/Fonts(TMP)/TextMesh Pro/Shaders/TMP_SDF SSD.shader using Guid(14eb328de4b8eb245bb7cea29e4ac00b) Importer(2089858483,0ecaa5967403d082aa24f35e1b516d23)  -> (artifact id: '6fac84598fe5cc36453f72027a25b7ff') in 0.003441 seconds
Number of updated asset objects reloaded before import = 0
Number of asset objects unloaded after import = 1
========================================================================
Received Import Request.
  Time since last request: 0.000050 seconds.
  path: Assets/Fonts(TMP)/TextMesh Pro/Sprites
  artifactKey: Guid(d0603b6d5186471b96c778c3949c7ce2) Importer(2089858483,0ecaa5967403d082aa24f35e1b516d23)
Start importing Assets/Fonts(TMP)/TextMesh Pro/Sprites using Guid(d0603b6d5186471b96c778c3949c7ce2) Importer(2089858483,0ecaa5967403d082aa24f35e1b516d23)  -> (artifact id: '83448d43ae7713a044bc14481e411ceb') in 0.000900 seconds
Number of updated asset objects reloaded before import = 0
Number of asset objects unloaded after import = 1
========================================================================
Received Import Request.
  Time since last request: 0.000044 seconds.
  path: Assets/Fonts(TMP)/TextMesh Pro/Resources/Style Sheets/Default Style Sheet.asset
  artifactKey: Guid(f952c082cb03451daed3ee968ac6c63e) Importer(2089858483,0ecaa5967403d082aa24f35e1b516d23)
Start importing Assets/Fonts(TMP)/TextMesh Pro/Resources/Style Sheets/Default Style Sheet.asset using Guid(f952c082cb03451daed3ee968ac6c63e) Importer(2089858483,0ecaa5967403d082aa24f35e1b516d23)  -> (artifact id: 'd12d74c5222cdd87627504550cafc3d3') in 0.006028 seconds
Number of updated asset objects reloaded before import = 0
Number of asset objects unloaded after import = 1
========================================================================
Received Import Request.
  Time since last request: 0.000085 seconds.
  path: Assets/Fonts(TMP)/TextMesh Pro/Shaders/TMP_Bitmap-Custom-Atlas.shader
  artifactKey: Guid(48bb5f55d8670e349b6e614913f9d910) Importer(2089858483,0ecaa5967403d082aa24f35e1b516d23)
Start importing Assets/Fonts(TMP)/TextMesh Pro/Shaders/TMP_Bitmap-Custom-Atlas.shader using Guid(48bb5f55d8670e349b6e614913f9d910) Importer(2089858483,0ecaa5967403d082aa24f35e1b516d23)  -> (artifact id: '8b46e344d5e40e8ca3410d0b74bce09f') in 0.002305 seconds
Number of updated asset objects reloaded before import = 0
Number of asset objects unloaded after import = 1
========================================================================
Received Import Request.
  Time since last request: 0.000097 seconds.
  path: Assets/Fonts(TMP)/TextMesh Pro/Shaders/TMP_Bitmap-Mobile.shader
  artifactKey: Guid(1e3b057af24249748ff873be7fafee47) Importer(2089858483,0ecaa5967403d082aa24f35e1b516d23)
Start importing Assets/Fonts(TMP)/TextMesh Pro/Shaders/TMP_Bitmap-Mobile.shader using Guid(1e3b057af24249748ff873be7fafee47) Importer(2089858483,0ecaa5967403d082aa24f35e1b516d23)  -> (artifact id: '6ce69a982af7b0787217a5fe7ed226b9') in 0.002600 seconds
Number of updated asset objects reloaded before import = 0
Number of asset objects unloaded after import = 1
========================================================================
Received Import Request.
  Time since last request: 0.000038 seconds.
  path: Assets/Fonts(TMP)/TextMesh Pro/Resources/Sprite Assets/EmojiOne.asset
  artifactKey: Guid(c41005c129ba4d66911b75229fd70b45) Importer(2089858483,0ecaa5967403d082aa24f35e1b516d23)
Start importing Assets/Fonts(TMP)/TextMesh Pro/Resources/Sprite Assets/EmojiOne.asset using Guid(c41005c129ba4d66911b75229fd70b45) Importer(2089858483,0ecaa5967403d082aa24f35e1b516d23)  -> (artifact id: 'd33147e9e7635faea14c0e5420ec2b7e') in 0.004736 seconds
Number of updated asset objects reloaded before import = 0
Number of asset objects unloaded after import = 3
========================================================================
Received Import Request.
  Time since last request: 0.000020 seconds.
  path: Assets/Fonts(TMP)/TextMesh Pro/Resources/Fonts & Materials
  artifactKey: Guid(731f1baa9d144a9897cb1d341c2092b8) Importer(2089858483,0ecaa5967403d082aa24f35e1b516d23)
Start importing Assets/Fonts(TMP)/TextMesh Pro/Resources/Fonts & Materials using Guid(731f1baa9d144a9897cb1d341c2092b8) Importer(2089858483,0ecaa5967403d082aa24f35e1b516d23)  -> (artifact id: '73fdf8e7c089bb7b1d4555df3e34c3f3') in 0.000933 seconds
Number of updated asset objects reloaded before import = 0
Number of asset objects unloaded after import = 1
========================================================================
Received Import Request.
  Time since last request: 0.000069 seconds.
  path: Assets/Fonts(TMP)/TextMesh Pro/Resources
  artifactKey: Guid(243e06394e614e5d99fab26083b707fa) Importer(2089858483,0ecaa5967403d082aa24f35e1b516d23)
Start importing Assets/Fonts(TMP)/TextMesh Pro/Resources using Guid(243e06394e614e5d99fab26083b707fa) Importer(2089858483,0ecaa5967403d082aa24f35e1b516d23)  -> (artifact id: '906c232b1b2cbc5ef543b075fa79baa4') in 0.000819 seconds
Number of updated asset objects reloaded before import = 0
Number of asset objects unloaded after import = 1
========================================================================
Received Import Request.
  Time since last request: 0.000039 seconds.
  path: Assets/Fonts(TMP)/TextMesh Pro/Shaders/TMP_SDF-Surface.shader
  artifactKey: Guid(f7ada0af4f174f0694ca6a487b8f543d) Importer(2089858483,0ecaa5967403d082aa24f35e1b516d23)
Start importing Assets/Fonts(TMP)/TextMesh Pro/Shaders/TMP_SDF-Surface.shader using Guid(f7ada0af4f174f0694ca6a487b8f543d) Importer(2089858483,0ecaa5967403d082aa24f35e1b516d23)  -> (artifact id: 'f6eaff511e9604499aaa0336293374cf') in 0.003576 seconds
Number of updated asset objects reloaded before import = 0
Number of asset objects unloaded after import = 1
========================================================================
Received Import Request.
  Time since last request: 0.000086 seconds.
  path: Assets/Fonts(TMP)/TextMesh Pro/Documentation/TextMesh Pro User Guide 2016.pdf
  artifactKey: Guid(1b8d251f9af63b746bf2f7ffe00ebb9b) Importer(2089858483,0ecaa5967403d082aa24f35e1b516d23)
Start importing Assets/Fonts(TMP)/TextMesh Pro/Documentation/TextMesh Pro User Guide 2016.pdf using Guid(1b8d251f9af63b746bf2f7ffe00ebb9b) Importer(2089858483,0ecaa5967403d082aa24f35e1b516d23)  -> (artifact id: 'e67413c24b62281f09a85674dfb9ed44') in 0.001117 seconds
Number of updated asset objects reloaded before import = 0
Number of asset objects unloaded after import = 1
========================================================================
Received Import Request.
  Time since last request: 0.000048 seconds.
  path: Assets/Fonts(TMP)/TextMesh Pro/Shaders/TMPro_Properties.cginc
  artifactKey: Guid(3997e2241185407d80309a82f9148466) Importer(2089858483,0ecaa5967403d082aa24f35e1b516d23)
Start importing Assets/Fonts(TMP)/TextMesh Pro/Shaders/TMPro_Properties.cginc using Guid(3997e2241185407d80309a82f9148466) Importer(2089858483,0ecaa5967403d082aa24f35e1b516d23)  -> (artifact id: '25ddcd66edaa3bc7be68143dc907e14c') in 0.001023 seconds
Number of updated asset objects reloaded before import = 0
Number of asset objects unloaded after import = 1
========================================================================
Received Import Request.
  Time since last request: 0.000045 seconds.
  path: Assets/Fonts(TMP)/TextMesh Pro/Resources/Fonts & Materials/HakgyoansimTtwimteulR SDF.asset
  artifactKey: Guid(746adc7297b674c7b874257c642fccff) Importer(2089858483,0ecaa5967403d082aa24f35e1b516d23)
Start importing Assets/Fonts(TMP)/TextMesh Pro/Resources/Fonts & Materials/HakgyoansimTtwimteulR SDF.asset using Guid(746adc7297b674c7b874257c642fccff) Importer(2089858483,0ecaa5967403d082aa24f35e1b516d23)  -> (artifact id: '817589700a96f2b0135ca94c9a303c02') in 0.107276 seconds
Number of updated asset objects reloaded before import = 0
Number of asset objects unloaded after import = 5
Editor requested this worker to shutdown with reason: Scaling down because of idle timeout
TcpMessagingSession - receive error: operation aborted. errorcode: 89, details: Operation aborted.
AssetImportWorker is now disconnected from the server
Process exiting
