Unity Editor version:    2022.3.13f1 (5f90a5ebde0f)
Branch:                  2022.3/staging
Build type:              Release
Batch mode:              YES
macOS version:           Version 14.3 (Build 23D56)
Darwin version:          23.3.0
Architecture:            arm64
Running under Rosetta:   NO
Available memory:        36864 MB
Using pre-set license
Pro License: YES

COMMAND LINE ARGUMENTS:
/Applications/Unity/Hub/Editor/2022.3.13f1/Unity.app/Contents/MacOS/Unity
-adb2
-batchMode
-noUpm
-name
AssetImportWorker4
-projectPath
/Users/song-eunji/Documents/GitHub/Capstone/Capstone_project
-logFile
Logs/AssetImportWorker4.log
-srvPort
49304
Successfully changed project path to: /Users/song-eunji/Documents/GitHub/Capstone/Capstone_project
/Users/song-eunji/Documents/GitHub/Capstone/Capstone_project
[UnityMemory] Configuration Parameters - Can be set up in boot.config
    "memorysetup-bucket-allocator-granularity=16"
    "memorysetup-bucket-allocator-bucket-count=8"
    "memorysetup-bucket-allocator-block-size=33554432"
    "memorysetup-bucket-allocator-block-count=8"
    "memorysetup-main-allocator-block-size=16777216"
    "memorysetup-thread-allocator-block-size=16777216"
    "memorysetup-gfx-main-allocator-block-size=16777216"
    "memorysetup-gfx-thread-allocator-block-size=16777216"
    "memorysetup-cache-allocator-block-size=4194304"
    "memorysetup-typetree-allocator-block-size=2097152"
    "memorysetup-profiler-bucket-allocator-granularity=16"
    "memorysetup-profiler-bucket-allocator-bucket-count=8"
    "memorysetup-profiler-bucket-allocator-block-size=33554432"
    "memorysetup-profiler-bucket-allocator-block-count=8"
    "memorysetup-profiler-allocator-block-size=16777216"
    "memorysetup-profiler-editor-allocator-block-size=1048576"
    "memorysetup-temp-allocator-size-main=16777216"
    "memorysetup-job-temp-allocator-block-size=2097152"
    "memorysetup-job-temp-allocator-block-size-background=1048576"
    "memorysetup-job-temp-allocator-reduction-small-platforms=262144"
    "memorysetup-allocator-temp-initial-block-size-main=262144"
    "memorysetup-allocator-temp-initial-block-size-worker=262144"
    "memorysetup-temp-allocator-size-background-worker=32768"
    "memorysetup-temp-allocator-size-job-worker=262144"
    "memorysetup-temp-allocator-size-preload-manager=33554432"
    "memorysetup-temp-allocator-size-nav-mesh-worker=65536"
    "memorysetup-temp-allocator-size-audio-worker=65536"
    "memorysetup-temp-allocator-size-cloud-worker=32768"
    "memorysetup-temp-allocator-size-gi-baking-worker=262144"
    "memorysetup-temp-allocator-size-gfx=262144"
Player connection [7993302080] Host "[IP] 172.29.2.74 [Port] 0 [Flags] 2 [Guid] 1052277134 [EditorId] 1052277134 [Version] 1048832 [Id] OSXEditor(0,song-eunjiui-MacBookPro.local) [Debug] 1 [PackageName] OSXEditor [ProjectName] Editor" joined multi-casting on [225.0.0.222:54997]...

Player connection [7993302080] Host "[IP] 172.29.2.74 [Port] 0 [Flags] 2 [Guid] 1052277134 [EditorId] 1052277134 [Version] 1048832 [Id] OSXEditor(0,song-eunjiui-MacBookPro.local) [Debug] 1 [PackageName] OSXEditor [ProjectName] Editor" joined alternative multi-casting on [225.0.0.222:34997]...

[Physics::Module] Initialized MultithreadedJobDispatcher with 11 workers.
Refreshing native plugins compatible for Editor in 1.76 ms, found 2 plugins.
Preloading 0 native plugins for Editor in 0.00 ms.
Initialize engine version: 2022.3.13f1 (5f90a5ebde0f)
[Subsystems] Discovering subsystems at path /Applications/Unity/Hub/Editor/2022.3.13f1/Unity.app/Contents/Resources/UnitySubsystems
[Subsystems] Discovering subsystems at path /Users/song-eunji/Documents/GitHub/Capstone/Capstone_project/Assets
GfxDevice: creating device client; threaded=0; jobified=0
 preferred device: Apple M3 Pro (high power)
Metal devices available: 1
0: Apple M3 Pro (high power)
Using device Apple M3 Pro (high power)
Initializing Metal device caps: Apple M3 Pro
Initialize mono
Mono path[0] = '/Applications/Unity/Hub/Editor/2022.3.13f1/Unity.app/Contents/Managed'
Mono path[1] = '/Applications/Unity/Hub/Editor/2022.3.13f1/Unity.app/Contents/MonoBleedingEdge/lib/mono/unityjit-macos'
Mono config path = '/Applications/Unity/Hub/Editor/2022.3.13f1/Unity.app/Contents/MonoBleedingEdge/etc'
Using monoOptions --debugger-agent=transport=dt_socket,embedding=1,server=y,suspend=n,address=127.0.0.1:56372
Begin MonoManager ReloadAssembly
Registering precompiled unity dll's ...
Register platform support module: /Applications/Unity/Hub/Editor/2022.3.13f1/Unity.app/Contents/PlaybackEngines/MacStandaloneSupport/UnityEditor.OSXStandalone.Extensions.dll
Registered in 0.000558 seconds.
- Loaded All Assemblies, in  0.138 seconds
Native extension for OSXStandalone target not found
Mono: successfully reloaded assembly
- Finished resetting the current domain, in  0.110 seconds
Domain Reload Profiling: 248ms
	BeginReloadAssembly (32ms)
		ExecutionOrderSort (0ms)
		DisableScriptedObjects (0ms)
		BackupInstance (0ms)
		ReleaseScriptingObjects (0ms)
		CreateAndSetChildDomain (0ms)
	RebuildCommonClasses (16ms)
	RebuildNativeTypeToScriptingClass (6ms)
	initialDomainReloadingComplete (20ms)
	LoadAllAssembliesAndSetupDomain (63ms)
		LoadAssemblies (32ms)
		RebuildTransferFunctionScriptingTraits (0ms)
		AnalyzeDomain (63ms)
			TypeCache.Refresh (62ms)
				TypeCache.ScanAssembly (56ms)
			ScanForSourceGeneratedMonoScriptInfo (0ms)
			ResolveRequiredComponents (0ms)
	FinalizeReload (110ms)
		ReleaseScriptCaches (0ms)
		RebuildScriptCaches (0ms)
		SetupLoadedEditorAssemblies (83ms)
			LogAssemblyErrors (0ms)
			InitializePlatformSupportModulesInManaged (3ms)
			SetLoadedEditorAssemblies (3ms)
			RefreshPlugins (0ms)
			BeforeProcessingInitializeOnLoad (1ms)
			ProcessInitializeOnLoadAttributes (55ms)
			ProcessInitializeOnLoadMethodAttributes (21ms)
			AfterProcessingInitializeOnLoad (0ms)
			EditorAssembliesLoaded (0ms)
		ExecutionOrderSort2 (0ms)
		AwakeInstancesAfterBackupRestoration (0ms)
========================================================================
Worker process is ready to serve import requests
Begin MonoManager ReloadAssembly
- Loaded All Assemblies, in  0.226 seconds
Refreshing native plugins compatible for Editor in 0.54 ms, found 2 plugins.
Native extension for OSXStandalone target not found
Package Manager log level set to [2]
[Package Manager] Server::EnsureServerProcessIsRunning -- launch failed, reason: Unity was launched with the -noUpm command-line argument
[Package Manager] UpmClient::Send -- Unable to send message (not connected to UPM process).
[Package Manager] Cannot connect to Unity Package Manager local server
Mono: successfully reloaded assembly
- Finished resetting the current domain, in  0.225 seconds
Domain Reload Profiling: 451ms
	BeginReloadAssembly (51ms)
		ExecutionOrderSort (0ms)
		DisableScriptedObjects (2ms)
		BackupInstance (0ms)
		ReleaseScriptingObjects (0ms)
		CreateAndSetChildDomain (12ms)
	RebuildCommonClasses (16ms)
	RebuildNativeTypeToScriptingClass (6ms)
	initialDomainReloadingComplete (15ms)
	LoadAllAssembliesAndSetupDomain (137ms)
		LoadAssemblies (78ms)
		RebuildTransferFunctionScriptingTraits (0ms)
		AnalyzeDomain (81ms)
			TypeCache.Refresh (74ms)
				TypeCache.ScanAssembly (67ms)
			ScanForSourceGeneratedMonoScriptInfo (5ms)
			ResolveRequiredComponents (2ms)
	FinalizeReload (225ms)
		ReleaseScriptCaches (0ms)
		RebuildScriptCaches (0ms)
		SetupLoadedEditorAssemblies (159ms)
			LogAssemblyErrors (0ms)
			InitializePlatformSupportModulesInManaged (2ms)
			SetLoadedEditorAssemblies (2ms)
			RefreshPlugins (0ms)
			BeforeProcessingInitializeOnLoad (22ms)
			ProcessInitializeOnLoadAttributes (125ms)
			ProcessInitializeOnLoadMethodAttributes (8ms)
			AfterProcessingInitializeOnLoad (0ms)
			EditorAssembliesLoaded (0ms)
		ExecutionOrderSort2 (0ms)
		AwakeInstancesAfterBackupRestoration (2ms)
Launching external process: /Applications/Unity/Hub/Editor/2022.3.13f1/Unity.app/Contents/Tools/UnityShaderCompiler
Launched and connected shader compiler UnityShaderCompiler after 0.03 seconds
Refreshing native plugins compatible for Editor in 0.53 ms, found 2 plugins.
Preloading 0 native plugins for Editor in 0.00 ms.
Unloading 3104 Unused Serialized files (Serialized files now loaded: 0)
Unloading 32 unused Assets / (51.6 KB). Loaded Objects now: 3566.
Memory consumption went from 131.6 MB to 131.5 MB.
Total: 1.786833 ms (FindLiveObjects: 0.081875 ms CreateObjectMapping: 0.026292 ms MarkObjects: 1.609042 ms  DeleteObjects: 0.069167 ms)

AssetImportParameters requested are different than current active one (requested -> active):
  custom:container-demuxer-ogg: 62fdf1f143b41e24485cea50d1cbac27 -> 
  custom:video-decoder-ogg-theora: a1e56fd34408186e4bbccfd4996cb3dc -> 
  custom:CustomObjectIndexerAttribute: 756ad292c208cfabdd7b50bc23989ffe -> 
  custom:container-demuxer-webm: 4f35f7cbe854078d1ac9338744f61a02 -> 
  custom:container-muxer-webm: aa71ff27fc2769a1b78a27578f13a17b -> 
  custom:video-decoder-webm-vp8: 9c59270c3fd7afecdb556c50c9e8de78 -> 
  custom:SearchIndexIgnoredProperties: e643bd26f0fe6173181afceb89e7c659 -> 
  custom:AudioImporter_EditorPlatform: 3918e3fc78b5a79bad01e8451be0beb8 -> 
  custom:framework-osx-AVFoundation: e770b220cccbd017edd2c1fefb359320 -> 
  custom:video-encoder-webm-vp8: eb34c28f22e8b96e1ab97ce403110664 -> 
  custom:audio-decoder-ogg-vorbis: bf7c407c2cedff20999df2af8eb42d56 -> 
  custom:audio-encoder-webm-vorbis: bf7c407c2cedff20999df2af8eb42d56 -> 
========================================================================
Received Import Request.
  Time since last request: 6789.765650 seconds.
  path: Assets/Fonts(TMP)
  artifactKey: Guid(c3283d75417a54d63a963eb715205ed3) Importer(815301076,1909f56bfc062723c751e8b465ee728b)
Start importing Assets/Fonts(TMP) using Guid(c3283d75417a54d63a963eb715205ed3) Importer(815301076,1909f56bfc062723c751e8b465ee728b)  -> (artifact id: 'e9398cda843e6e35e352f4e1460771e3') in 0.001298 seconds
Number of updated asset objects reloaded before import = 0
Number of asset objects unloaded after import = 0
========================================================================
Received Import Request.
  Time since last request: 0.979186 seconds.
  path: Assets/Fonts(TMP)
  artifactKey: Guid(c3283d75417a54d63a963eb715205ed3) Importer(2089858483,0ecaa5967403d082aa24f35e1b516d23)
Start importing Assets/Fonts(TMP) using Guid(c3283d75417a54d63a963eb715205ed3) Importer(2089858483,0ecaa5967403d082aa24f35e1b516d23)  -> (artifact id: '7b05e5b53e8b4d0677c3f677342ea326') in 0.044275 seconds
Number of updated asset objects reloaded before import = 0
Number of asset objects unloaded after import = 1
========================================================================
Received Import Request.
  Time since last request: 2.271992 seconds.
  path: Assets/Fonts(TMP)/TextMesh Pro/Shaders/TMP_SDF Overlay.shader
  artifactKey: Guid(dd89cf5b9246416f84610a006f916af7) Importer(2089858483,0ecaa5967403d082aa24f35e1b516d23)
Start importing Assets/Fonts(TMP)/TextMesh Pro/Shaders/TMP_SDF Overlay.shader using Guid(dd89cf5b9246416f84610a006f916af7) Importer(2089858483,0ecaa5967403d082aa24f35e1b516d23)  -> (artifact id: '6aada2b218d6a0f733569a26e30d9116') in 0.028912 seconds
Number of updated asset objects reloaded before import = 9
Number of asset objects unloaded after import = 1
========================================================================
Received Import Request.
  Time since last request: 0.000030 seconds.
  path: Assets/Fonts(TMP)/TextMesh Pro/Fonts/HakgyoansimTtwimteulR.ttf
  artifactKey: Guid(9d66bf96f4cd44343aa3bb9692b4ffd6) Importer(2089858483,0ecaa5967403d082aa24f35e1b516d23)
Start importing Assets/Fonts(TMP)/TextMesh Pro/Fonts/HakgyoansimTtwimteulR.ttf using Guid(9d66bf96f4cd44343aa3bb9692b4ffd6) Importer(2089858483,0ecaa5967403d082aa24f35e1b516d23)  -> (artifact id: '367cbb53bbf62aa4c6cf7e587eeacd64') in 0.015777 seconds
Number of updated asset objects reloaded before import = 0
Number of asset objects unloaded after import = 3
========================================================================
Received Import Request.
  Time since last request: 0.000035 seconds.
  path: Assets/Fonts(TMP)/TextMesh Pro/Resources/Fonts & Materials/LiberationSans SDF.asset
  artifactKey: Guid(8f586378b4e144a9851e7b34d9b748ee) Importer(2089858483,0ecaa5967403d082aa24f35e1b516d23)
Start importing Assets/Fonts(TMP)/TextMesh Pro/Resources/Fonts & Materials/LiberationSans SDF.asset using Guid(8f586378b4e144a9851e7b34d9b748ee) Importer(2089858483,0ecaa5967403d082aa24f35e1b516d23)  -> (artifact id: '80944740a67151f4ae83c8b5a880fa38') in 0.026645 seconds
Number of updated asset objects reloaded before import = 0
Number of asset objects unloaded after import = 8
========================================================================
Received Import Request.
  Time since last request: 0.000028 seconds.
  path: Assets/Fonts(TMP)/TextMesh Pro/Resources/Sprite Assets
  artifactKey: Guid(512a49d95c0c4332bdd98131869c23c9) Importer(2089858483,0ecaa5967403d082aa24f35e1b516d23)
Start importing Assets/Fonts(TMP)/TextMesh Pro/Resources/Sprite Assets using Guid(512a49d95c0c4332bdd98131869c23c9) Importer(2089858483,0ecaa5967403d082aa24f35e1b516d23)  -> (artifact id: '78c8c0c30b61e10668c44ee8a52a2a4b') in 0.000813 seconds
Number of updated asset objects reloaded before import = 0
Number of asset objects unloaded after import = 1
========================================================================
Received Import Request.
  Time since last request: 0.000090 seconds.
  path: Assets/Fonts(TMP)/TextMesh Pro/Fonts/LiberationSans - OFL.txt
  artifactKey: Guid(6e59c59b81ab47f9b6ec5781fa725d2c) Importer(2089858483,0ecaa5967403d082aa24f35e1b516d23)
Start importing Assets/Fonts(TMP)/TextMesh Pro/Fonts/LiberationSans - OFL.txt using Guid(6e59c59b81ab47f9b6ec5781fa725d2c) Importer(2089858483,0ecaa5967403d082aa24f35e1b516d23)  -> (artifact id: 'faea38f8fe83895cce10508bc2fde7c2') in 0.000916 seconds
Number of updated asset objects reloaded before import = 0
Number of asset objects unloaded after import = 1
========================================================================
Received Import Request.
  Time since last request: 0.000039 seconds.
  path: Assets/Fonts(TMP)/TextMesh Pro/Shaders/TMP_SDF.shader
  artifactKey: Guid(68e6db2ebdc24f95958faec2be5558d6) Importer(2089858483,0ecaa5967403d082aa24f35e1b516d23)
Start importing Assets/Fonts(TMP)/TextMesh Pro/Shaders/TMP_SDF.shader using Guid(68e6db2ebdc24f95958faec2be5558d6) Importer(2089858483,0ecaa5967403d082aa24f35e1b516d23)  -> (artifact id: '766ec265d98724f0b2dae803f3e3c18f') in 0.002978 seconds
Number of updated asset objects reloaded before import = 0
Number of asset objects unloaded after import = 1
========================================================================
Received Import Request.
  Time since last request: 0.000052 seconds.
  path: Assets/Fonts(TMP)/TextMesh Pro/Shaders/TMP_Sprite.shader
  artifactKey: Guid(cf81c85f95fe47e1a27f6ae460cf182c) Importer(2089858483,0ecaa5967403d082aa24f35e1b516d23)
Start importing Assets/Fonts(TMP)/TextMesh Pro/Shaders/TMP_Sprite.shader using Guid(cf81c85f95fe47e1a27f6ae460cf182c) Importer(2089858483,0ecaa5967403d082aa24f35e1b516d23)  -> (artifact id: '07909b529a2988999504ca9cec162467') in 0.001730 seconds
Number of updated asset objects reloaded before import = 0
Number of asset objects unloaded after import = 1
========================================================================
Received Import Request.
  Time since last request: 0.000047 seconds.
  path: Assets/Fonts(TMP)/TextMesh Pro/Sprites/EmojiOne Attribution.txt
  artifactKey: Guid(381dcb09d5029d14897e55f98031fca5) Importer(2089858483,0ecaa5967403d082aa24f35e1b516d23)
Start importing Assets/Fonts(TMP)/TextMesh Pro/Sprites/EmojiOne Attribution.txt using Guid(381dcb09d5029d14897e55f98031fca5) Importer(2089858483,0ecaa5967403d082aa24f35e1b516d23)  -> (artifact id: '9d9df9d2a3ff59e16b6c50a0cecc849d') in 0.000850 seconds
Number of updated asset objects reloaded before import = 0
Number of asset objects unloaded after import = 1
========================================================================
Received Import Request.
  Time since last request: 0.000069 seconds.
  path: Assets/Fonts(TMP)/TextMesh Pro/Shaders/TMP_SDF-Surface-Mobile.shader
  artifactKey: Guid(85187c2149c549c5b33f0cdb02836b17) Importer(2089858483,0ecaa5967403d082aa24f35e1b516d23)
Start importing Assets/Fonts(TMP)/TextMesh Pro/Shaders/TMP_SDF-Surface-Mobile.shader using Guid(85187c2149c549c5b33f0cdb02836b17) Importer(2089858483,0ecaa5967403d082aa24f35e1b516d23)  -> (artifact id: 'aab1382294df0fb4a9c5e2798870344c') in 0.002974 seconds
Number of updated asset objects reloaded before import = 0
Number of asset objects unloaded after import = 1
========================================================================
Received Import Request.
  Time since last request: 0.000071 seconds.
  path: Assets/Fonts(TMP)/TextMesh Pro/Shaders/TMP_SDF-Mobile Masking.shader
  artifactKey: Guid(bc1ede39bf3643ee8e493720e4259791) Importer(2089858483,0ecaa5967403d082aa24f35e1b516d23)
Start importing Assets/Fonts(TMP)/TextMesh Pro/Shaders/TMP_SDF-Mobile Masking.shader using Guid(bc1ede39bf3643ee8e493720e4259791) Importer(2089858483,0ecaa5967403d082aa24f35e1b516d23)  -> (artifact id: '88b18b76d6da794209049f9f984d39a3') in 0.002363 seconds
Number of updated asset objects reloaded before import = 0
Number of asset objects unloaded after import = 1
========================================================================
Received Import Request.
  Time since last request: 0.000081 seconds.
  path: Assets/Fonts(TMP)/TextMesh Pro/Resources/Fonts & Materials/LiberationSans SDF - Outline.mat
  artifactKey: Guid(79459efec17a4d00a321bdcc27bbc385) Importer(2089858483,0ecaa5967403d082aa24f35e1b516d23)
Start importing Assets/Fonts(TMP)/TextMesh Pro/Resources/Fonts & Materials/LiberationSans SDF - Outline.mat using Guid(79459efec17a4d00a321bdcc27bbc385) Importer(2089858483,0ecaa5967403d082aa24f35e1b516d23)  -> (artifact id: '58a26792f93c5667a560c4c01eec4e7f') in 0.011777 seconds
Number of updated asset objects reloaded before import = 0
Number of asset objects unloaded after import = 2
========================================================================
Received Import Request.
  Time since last request: 0.000042 seconds.
  path: Assets/Fonts(TMP)/TextMesh Pro/Resources/Style Sheets
  artifactKey: Guid(4aecb92fff08436c8303b10eab8da368) Importer(2089858483,0ecaa5967403d082aa24f35e1b516d23)
Start importing Assets/Fonts(TMP)/TextMesh Pro/Resources/Style Sheets using Guid(4aecb92fff08436c8303b10eab8da368) Importer(2089858483,0ecaa5967403d082aa24f35e1b516d23)  -> (artifact id: '5798414da93369de7ac36b89d48fdb5e') in 0.000811 seconds
Number of updated asset objects reloaded before import = 0
Number of asset objects unloaded after import = 1
========================================================================
Received Import Request.
  Time since last request: 0.000052 seconds.
  path: Assets/Fonts(TMP)/TextMesh Pro
  artifactKey: Guid(f54d1bd14bd3ca042bd867b519fee8cc) Importer(2089858483,0ecaa5967403d082aa24f35e1b516d23)
Start importing Assets/Fonts(TMP)/TextMesh Pro using Guid(f54d1bd14bd3ca042bd867b519fee8cc) Importer(2089858483,0ecaa5967403d082aa24f35e1b516d23)  -> (artifact id: '7815de603523c330953535a291bf4104') in 0.000724 seconds
Number of updated asset objects reloaded before import = 0
Number of asset objects unloaded after import = 1
========================================================================
Received Import Request.
  Time since last request: 0.000054 seconds.
  path: Assets/Fonts(TMP)/TextMesh Pro/Shaders/TMPro_Surface.cginc
  artifactKey: Guid(d930090c0cd643c7b55f19a38538c162) Importer(2089858483,0ecaa5967403d082aa24f35e1b516d23)
Start importing Assets/Fonts(TMP)/TextMesh Pro/Shaders/TMPro_Surface.cginc using Guid(d930090c0cd643c7b55f19a38538c162) Importer(2089858483,0ecaa5967403d082aa24f35e1b516d23)  -> (artifact id: 'd64443b10b37aa882957246f507a3b42') in 0.000831 seconds
Number of updated asset objects reloaded before import = 0
Number of asset objects unloaded after import = 1
========================================================================
Received Import Request.
  Time since last request: 0.000105 seconds.
  path: Assets/Fonts(TMP)/TextMesh Pro/Fonts/LiberationSans.ttf
  artifactKey: Guid(e3265ab4bf004d28a9537516768c1c75) Importer(2089858483,0ecaa5967403d082aa24f35e1b516d23)
Start importing Assets/Fonts(TMP)/TextMesh Pro/Fonts/LiberationSans.ttf using Guid(e3265ab4bf004d28a9537516768c1c75) Importer(2089858483,0ecaa5967403d082aa24f35e1b516d23)  -> (artifact id: '0913731fea02f145ff3c1409021d7984') in 0.003350 seconds
Number of updated asset objects reloaded before import = 0
Number of asset objects unloaded after import = 3
========================================================================
Received Import Request.
  Time since last request: 15.374470 seconds.
  path: Assets/Documents/Pinky UI/Toggle_Button/Toggle_Button_On_Blue.png
  artifactKey: Guid(423cf6f32048a494c9d0450f2bc60f42) Importer(815301076,1909f56bfc062723c751e8b465ee728b)
Start importing Assets/Documents/Pinky UI/Toggle_Button/Toggle_Button_On_Blue.png using Guid(423cf6f32048a494c9d0450f2bc60f42) Importer(815301076,1909f56bfc062723c751e8b465ee728b)  -> (artifact id: '0b85418d0a012bd9e07f97e208744e6d') in 0.073607 seconds
Number of updated asset objects reloaded before import = 0
Number of asset objects unloaded after import = 3
========================================================================
Received Import Request.
  Time since last request: 0.049666 seconds.
  path: Assets/Documents/Pinky UI/Toggle_Button/Toggle_Button_Off_Blue.png
  artifactKey: Guid(fc4007930cee0bf46b4c1a87e0666409) Importer(815301076,1909f56bfc062723c751e8b465ee728b)
Start importing Assets/Documents/Pinky UI/Toggle_Button/Toggle_Button_Off_Blue.png using Guid(fc4007930cee0bf46b4c1a87e0666409) Importer(815301076,1909f56bfc062723c751e8b465ee728b)  -> (artifact id: 'f9f841566c8e8783cc143465be14d7eb') in 0.005288 seconds
Number of updated asset objects reloaded before import = 0
Number of asset objects unloaded after import = 3
========================================================================
Received Import Request.
  Time since last request: 0.339026 seconds.
  path: Assets/Documents/Pinky UI/Sliders/Slider_Knob_Blue.png
  artifactKey: Guid(a7e117b511f49eb47851f57ec4d0033c) Importer(815301076,1909f56bfc062723c751e8b465ee728b)
Start importing Assets/Documents/Pinky UI/Sliders/Slider_Knob_Blue.png using Guid(a7e117b511f49eb47851f57ec4d0033c) Importer(815301076,1909f56bfc062723c751e8b465ee728b)  -> (artifact id: '6e62d5312a460f26359d2d2fd2bfcd1f') in 0.007284 seconds
Number of updated asset objects reloaded before import = 0
Number of asset objects unloaded after import = 3
========================================================================
Received Import Request.
  Time since last request: 0.681632 seconds.
  path: Assets/Documents/Pinky UI/Sliders/Slider_Foreground_Blue.png
  artifactKey: Guid(1c75960ffd129c74188d0fa6cf700883) Importer(815301076,1909f56bfc062723c751e8b465ee728b)
Start importing Assets/Documents/Pinky UI/Sliders/Slider_Foreground_Blue.png using Guid(1c75960ffd129c74188d0fa6cf700883) Importer(815301076,1909f56bfc062723c751e8b465ee728b)  -> (artifact id: 'e309ea5517072eeeabb6180834c73a2e') in 0.006129 seconds
Number of updated asset objects reloaded before import = 0
Number of asset objects unloaded after import = 3
========================================================================
Received Import Request.
  Time since last request: 0.059306 seconds.
  path: Assets/Documents/Pinky UI/Sliders/Slider_Background_Blue.png
  artifactKey: Guid(397e1e064ee4a2e4189863ec3bbef596) Importer(815301076,1909f56bfc062723c751e8b465ee728b)
Start importing Assets/Documents/Pinky UI/Sliders/Slider_Background_Blue.png using Guid(397e1e064ee4a2e4189863ec3bbef596) Importer(815301076,1909f56bfc062723c751e8b465ee728b)  -> (artifact id: 'c07f85ce1e080cce7eaf4967f2a5c0c7') in 0.005050 seconds
Number of updated asset objects reloaded before import = 0
Number of asset objects unloaded after import = 3
========================================================================
Received Import Request.
  Time since last request: 0.036513 seconds.
  path: Assets/Documents/Pinky UI/Radio_Button/Radio_Button_Selected_Blue.png
  artifactKey: Guid(e44ec20166f1efa42a1cb60891ee5c5d) Importer(815301076,1909f56bfc062723c751e8b465ee728b)
Start importing Assets/Documents/Pinky UI/Radio_Button/Radio_Button_Selected_Blue.png using Guid(e44ec20166f1efa42a1cb60891ee5c5d) Importer(815301076,1909f56bfc062723c751e8b465ee728b)  -> (artifact id: 'fc4959106c3552cc3203e414019a7071') in 0.005810 seconds
Number of updated asset objects reloaded before import = 0
Number of asset objects unloaded after import = 3
========================================================================
Received Import Request.
  Time since last request: 0.034961 seconds.
  path: Assets/Documents/Pinky UI/Radio_Button/Radio_Button_Empty_Blue.png
  artifactKey: Guid(b5b8a8ce5071b5b49b2e2130908a0773) Importer(815301076,1909f56bfc062723c751e8b465ee728b)
Start importing Assets/Documents/Pinky UI/Radio_Button/Radio_Button_Empty_Blue.png using Guid(b5b8a8ce5071b5b49b2e2130908a0773) Importer(815301076,1909f56bfc062723c751e8b465ee728b)  -> (artifact id: 'a414962f571b0151c998ea4355a1f1d9') in 0.005539 seconds
Number of updated asset objects reloaded before import = 0
Number of asset objects unloaded after import = 3
========================================================================
Received Import Request.
  Time since last request: 0.139680 seconds.
  path: Assets/Documents/Pinky UI/Progress_Bar/Progress_Bar_Foreground_Blue.png
  artifactKey: Guid(10d2b9f1eae97a040925d4a67400cc24) Importer(815301076,1909f56bfc062723c751e8b465ee728b)
Start importing Assets/Documents/Pinky UI/Progress_Bar/Progress_Bar_Foreground_Blue.png using Guid(10d2b9f1eae97a040925d4a67400cc24) Importer(815301076,1909f56bfc062723c751e8b465ee728b)  -> (artifact id: 'e741a2ae8d38c9a48fb433452953d45d') in 0.004488 seconds
Number of updated asset objects reloaded before import = 0
Number of asset objects unloaded after import = 3
========================================================================
Received Import Request.
  Time since last request: 0.583709 seconds.
  path: Assets/Documents/Pinky UI/Progress_Bar/Progress_Bar_Background_Blue.png
  artifactKey: Guid(4f972257c494abb4eb5338b552c0e9a8) Importer(815301076,1909f56bfc062723c751e8b465ee728b)
Start importing Assets/Documents/Pinky UI/Progress_Bar/Progress_Bar_Background_Blue.png using Guid(4f972257c494abb4eb5338b552c0e9a8) Importer(815301076,1909f56bfc062723c751e8b465ee728b)  -> (artifact id: '04e95feb9265353d493ee3e8dba9981e') in 0.007045 seconds
Number of updated asset objects reloaded before import = 0
Number of asset objects unloaded after import = 3
========================================================================
Received Import Request.
  Time since last request: 0.029125 seconds.
  path: Assets/Documents/Pinky UI/Icon_White/Icon_Star.png
  artifactKey: Guid(bf77a2813dd1c7b44b9c2640ebdb961c) Importer(815301076,1909f56bfc062723c751e8b465ee728b)
Start importing Assets/Documents/Pinky UI/Icon_White/Icon_Star.png using Guid(bf77a2813dd1c7b44b9c2640ebdb961c) Importer(815301076,1909f56bfc062723c751e8b465ee728b)  -> (artifact id: '4f14ea09028222e2eb38cb90ecbd46bd') in 0.005975 seconds
Number of updated asset objects reloaded before import = 0
Number of asset objects unloaded after import = 3
========================================================================
Received Import Request.
  Time since last request: 0.029761 seconds.
  path: Assets/Documents/Pinky UI/Icon_White/Icon_Shop.png
  artifactKey: Guid(47df6dfd843da8e428be529b1d6743f6) Importer(815301076,1909f56bfc062723c751e8b465ee728b)
Start importing Assets/Documents/Pinky UI/Icon_White/Icon_Shop.png using Guid(47df6dfd843da8e428be529b1d6743f6) Importer(815301076,1909f56bfc062723c751e8b465ee728b)  -> (artifact id: '5736f80560f8e892062be083e979f937') in 0.004827 seconds
Number of updated asset objects reloaded before import = 0
Number of asset objects unloaded after import = 3
========================================================================
Received Import Request.
  Time since last request: 0.027116 seconds.
  path: Assets/Documents/Pinky UI/Icon_White/Icon_Question.png
  artifactKey: Guid(61860dade0859bc4382440ca7ec0bc3f) Importer(815301076,1909f56bfc062723c751e8b465ee728b)
Start importing Assets/Documents/Pinky UI/Icon_White/Icon_Question.png using Guid(61860dade0859bc4382440ca7ec0bc3f) Importer(815301076,1909f56bfc062723c751e8b465ee728b)  -> (artifact id: '128fdc38767a9ba32023ae22d1951adc') in 0.005325 seconds
Number of updated asset objects reloaded before import = 0
Number of asset objects unloaded after import = 3
========================================================================
Received Import Request.
  Time since last request: 0.021014 seconds.
  path: Assets/Documents/Pinky UI/Icon_White/Icon_Note.png
  artifactKey: Guid(b9135792ab5dc3d4fb903d34967c0cfa) Importer(815301076,1909f56bfc062723c751e8b465ee728b)
Start importing Assets/Documents/Pinky UI/Icon_White/Icon_Note.png using Guid(b9135792ab5dc3d4fb903d34967c0cfa) Importer(815301076,1909f56bfc062723c751e8b465ee728b)  -> (artifact id: 'd649866d6e6c252a815bfb38fb603706') in 0.005016 seconds
Number of updated asset objects reloaded before import = 0
Number of asset objects unloaded after import = 3
========================================================================
Received Import Request.
  Time since last request: 0.032257 seconds.
  path: Assets/Documents/Pinky UI/Icon_White/Icon_Info.png
  artifactKey: Guid(427f264d60e344a4cb096b813789aff9) Importer(815301076,1909f56bfc062723c751e8b465ee728b)
Start importing Assets/Documents/Pinky UI/Icon_White/Icon_Info.png using Guid(427f264d60e344a4cb096b813789aff9) Importer(815301076,1909f56bfc062723c751e8b465ee728b)  -> (artifact id: 'e4c62dfaa1902dd898ca4b779723362e') in 0.004629 seconds
Number of updated asset objects reloaded before import = 0
Number of asset objects unloaded after import = 3
========================================================================
Received Import Request.
  Time since last request: 0.185089 seconds.
  path: Assets/Documents/Pinky UI/Icon_White/Icon_Hearth.png
  artifactKey: Guid(2366e29b650c34446920b12a9ef84931) Importer(815301076,1909f56bfc062723c751e8b465ee728b)
Start importing Assets/Documents/Pinky UI/Icon_White/Icon_Hearth.png using Guid(2366e29b650c34446920b12a9ef84931) Importer(815301076,1909f56bfc062723c751e8b465ee728b)  -> (artifact id: '4b3f19614320504366e636a30ac625b3') in 0.004839 seconds
Number of updated asset objects reloaded before import = 0
Number of asset objects unloaded after import = 3
========================================================================
Received Import Request.
  Time since last request: 0.534527 seconds.
  path: Assets/Documents/Pinky UI/Icon_White/Icon_Exit.png
  artifactKey: Guid(4e1c06b3711e6b84ab3089a2a8d86251) Importer(815301076,1909f56bfc062723c751e8b465ee728b)
Start importing Assets/Documents/Pinky UI/Icon_White/Icon_Exit.png using Guid(4e1c06b3711e6b84ab3089a2a8d86251) Importer(815301076,1909f56bfc062723c751e8b465ee728b)  -> (artifact id: '1867b9a472af1b8fb371fa97d61e17b4') in 0.006667 seconds
Number of updated asset objects reloaded before import = 0
Number of asset objects unloaded after import = 3
========================================================================
Received Import Request.
  Time since last request: 0.033463 seconds.
  path: Assets/Documents/Pinky UI/Icon_White/Icon_Cup.png
  artifactKey: Guid(8b08c0411dfad3440b31c9ccfca96a7e) Importer(815301076,1909f56bfc062723c751e8b465ee728b)
Start importing Assets/Documents/Pinky UI/Icon_White/Icon_Cup.png using Guid(8b08c0411dfad3440b31c9ccfca96a7e) Importer(815301076,1909f56bfc062723c751e8b465ee728b)  -> (artifact id: '61f8f8194c4d612c450e69350af61b90') in 0.005161 seconds
Number of updated asset objects reloaded before import = 0
Number of asset objects unloaded after import = 3
========================================================================
Received Import Request.
  Time since last request: 0.028806 seconds.
  path: Assets/Documents/Pinky UI/Icon_White/Icon_Charts.png
  artifactKey: Guid(90f19881effd38846b92bbb64669540a) Importer(815301076,1909f56bfc062723c751e8b465ee728b)
Start importing Assets/Documents/Pinky UI/Icon_White/Icon_Charts.png using Guid(90f19881effd38846b92bbb64669540a) Importer(815301076,1909f56bfc062723c751e8b465ee728b)  -> (artifact id: '50e5ef8d9cf60c72f6c6bafbe230cb64') in 0.004672 seconds
Number of updated asset objects reloaded before import = 0
Number of asset objects unloaded after import = 3
========================================================================
Received Import Request.
  Time since last request: 0.028686 seconds.
  path: Assets/Documents/Pinky UI/Icon_White/Icon_Bell.png
  artifactKey: Guid(e68b15d1ec5fbd54599a9989b5ff36a0) Importer(815301076,1909f56bfc062723c751e8b465ee728b)
Start importing Assets/Documents/Pinky UI/Icon_White/Icon_Bell.png using Guid(e68b15d1ec5fbd54599a9989b5ff36a0) Importer(815301076,1909f56bfc062723c751e8b465ee728b)  -> (artifact id: 'f443aaac34c3a72fa5c2d3122d3bb58e') in 0.005059 seconds
Number of updated asset objects reloaded before import = 0
Number of asset objects unloaded after import = 3
========================================================================
Received Import Request.
  Time since last request: 0.030842 seconds.
  path: Assets/Documents/Pinky UI/Dialog_Box/Dialog_Box_Pink.png
  artifactKey: Guid(d5c0f160ffd665f4fbb9b1591e6e86e4) Importer(815301076,1909f56bfc062723c751e8b465ee728b)
Start importing Assets/Documents/Pinky UI/Dialog_Box/Dialog_Box_Pink.png using Guid(d5c0f160ffd665f4fbb9b1591e6e86e4) Importer(815301076,1909f56bfc062723c751e8b465ee728b)  -> (artifact id: 'c6efc2eccfd68a917567c5b5a14f4c48') in 0.005917 seconds
Number of updated asset objects reloaded before import = 0
Number of asset objects unloaded after import = 3
========================================================================
Received Import Request.
  Time since last request: 0.031540 seconds.
  path: Assets/Documents/Pinky UI/Checkboxes/Checkbox_Round_Empty_Pink.png
  artifactKey: Guid(58ee06205b88b614484cf438c7a3bc0d) Importer(815301076,1909f56bfc062723c751e8b465ee728b)
Start importing Assets/Documents/Pinky UI/Checkboxes/Checkbox_Round_Empty_Pink.png using Guid(58ee06205b88b614484cf438c7a3bc0d) Importer(815301076,1909f56bfc062723c751e8b465ee728b)  -> (artifact id: 'b2378de8db7cb37f312b5800096433c8') in 0.004547 seconds
Number of updated asset objects reloaded before import = 0
Number of asset objects unloaded after import = 3
========================================================================
Received Import Request.
  Time since last request: 0.344269 seconds.
  path: Assets/Documents/Pinky UI/Checkboxes/Checkbox_Round_Checkmark_Pink.png
  artifactKey: Guid(c2b1357c578f5d947a2f3b1b868492bb) Importer(815301076,1909f56bfc062723c751e8b465ee728b)
Start importing Assets/Documents/Pinky UI/Checkboxes/Checkbox_Round_Checkmark_Pink.png using Guid(c2b1357c578f5d947a2f3b1b868492bb) Importer(815301076,1909f56bfc062723c751e8b465ee728b)  -> (artifact id: '22f9a11dc156b0caf13596e243dd0e28') in 0.004872 seconds
Number of updated asset objects reloaded before import = 0
Number of asset objects unloaded after import = 3
========================================================================
Received Import Request.
  Time since last request: 0.404190 seconds.
  path: Assets/Documents/Pinky UI/Buttons/Round/Button_Round_Pink.png
  artifactKey: Guid(4e533b2797390a541a0912643de6bf05) Importer(815301076,1909f56bfc062723c751e8b465ee728b)
Start importing Assets/Documents/Pinky UI/Buttons/Round/Button_Round_Pink.png using Guid(4e533b2797390a541a0912643de6bf05) Importer(815301076,1909f56bfc062723c751e8b465ee728b)  -> (artifact id: 'da3b0b9c0fa58c4aa6e3691e8c34635e') in 0.006264 seconds
Number of updated asset objects reloaded before import = 0
Number of asset objects unloaded after import = 3
========================================================================
Received Import Request.
  Time since last request: 2.242172 seconds.
  path: Assets/Documents/Pinky UI/Buttons/Oval_Rectangle/Button_Oval_Rectangle_Pink.png
  artifactKey: Guid(c7f2493f0628b064aa3d2bd3e460f88e) Importer(815301076,1909f56bfc062723c751e8b465ee728b)
Start importing Assets/Documents/Pinky UI/Buttons/Oval_Rectangle/Button_Oval_Rectangle_Pink.png using Guid(c7f2493f0628b064aa3d2bd3e460f88e) Importer(815301076,1909f56bfc062723c751e8b465ee728b)  -> (artifact id: 'a95d06a783c0d85a1e24316d6798ab64') in 0.011556 seconds
Number of updated asset objects reloaded before import = 0
Number of asset objects unloaded after import = 3
========================================================================
Received Import Request.
  Time since last request: 0.091953 seconds.
  path: Assets/Documents/Pinky UI/Buttons/Oval_Rectangle/Button_Oval_Rectangle_Blue.png
  artifactKey: Guid(5c496139447c40d46ae3cbcda9c82b4a) Importer(815301076,1909f56bfc062723c751e8b465ee728b)
Start importing Assets/Documents/Pinky UI/Buttons/Oval_Rectangle/Button_Oval_Rectangle_Blue.png using Guid(5c496139447c40d46ae3cbcda9c82b4a) Importer(815301076,1909f56bfc062723c751e8b465ee728b)  -> (artifact id: 'afa4bf57bdad7346b07e960300b59f08') in 0.004431 seconds
Number of updated asset objects reloaded before import = 0
Number of asset objects unloaded after import = 3
========================================================================
Received Import Request.
  Time since last request: 396.970810 seconds.
  path: Assets/Scripts
  artifactKey: Guid(a130a4afce25c43c0ac49f6c2f8c1124) Importer(815301076,1909f56bfc062723c751e8b465ee728b)
Start importing Assets/Scripts using Guid(a130a4afce25c43c0ac49f6c2f8c1124) Importer(815301076,1909f56bfc062723c751e8b465ee728b)  -> (artifact id: 'a4c984fe7a6699604a14e8fc29ba60fa') in 0.000442 seconds
Number of updated asset objects reloaded before import = 0
Number of asset objects unloaded after import = 0
========================================================================
Received Import Request.
  Time since last request: 0.979454 seconds.
  path: Assets/Scripts
  artifactKey: Guid(a130a4afce25c43c0ac49f6c2f8c1124) Importer(2089858483,0ecaa5967403d082aa24f35e1b516d23)
Start importing Assets/Scripts using Guid(a130a4afce25c43c0ac49f6c2f8c1124) Importer(2089858483,0ecaa5967403d082aa24f35e1b516d23)  -> (artifact id: '52ce23d31bdb93767961e120e83d0128') in 0.005925 seconds
Number of updated asset objects reloaded before import = 0
Number of asset objects unloaded after import = 1
========================================================================
Received Import Request.
  Time since last request: 29.463574 seconds.
  path: Assets/Scripts/LobbySceneTo.cs
  artifactKey: Guid(a77de2633a06841048a82cb1415fbe58) Importer(815301076,1909f56bfc062723c751e8b465ee728b)
Start importing Assets/Scripts/LobbySceneTo.cs using Guid(a77de2633a06841048a82cb1415fbe58) Importer(815301076,1909f56bfc062723c751e8b465ee728b)  -> (artifact id: '0a4efa3aafa6bef48a0d06c983e5ec9d') in 0.000273 seconds
Number of updated asset objects reloaded before import = 0
Number of asset objects unloaded after import = 0
========================================================================
Received Import Request.
  Time since last request: 0.710747 seconds.
  path: Assets/Scripts/LobbySceneTo.cs
  artifactKey: Guid(a77de2633a06841048a82cb1415fbe58) Importer(2089858483,0ecaa5967403d082aa24f35e1b516d23)
Start importing Assets/Scripts/LobbySceneTo.cs using Guid(a77de2633a06841048a82cb1415fbe58) Importer(2089858483,0ecaa5967403d082aa24f35e1b516d23)  -> (artifact id: '3a5109f4d2d7e39d1cf3df92ccbc4c3a') in 0.001837 seconds
Number of updated asset objects reloaded before import = 0
Number of asset objects unloaded after import = 1
========================================================================
Received Prepare
Begin MonoManager ReloadAssembly
Thread 0x17ff87000 may have been prematurely finalized
- Loaded All Assemblies, in  0.191 seconds
Refreshing native plugins compatible for Editor in 0.66 ms, found 2 plugins.
Native extension for OSXStandalone target not found
[Package Manager] Server::EnsureServerProcessIsRunning -- launch failed, reason: Unity was launched with the -noUpm command-line argument
[Package Manager] UpmClient::Send -- Unable to send message (not connected to UPM process).
[Package Manager] Cannot connect to Unity Package Manager local server
Mono: successfully reloaded assembly
- Finished resetting the current domain, in  0.323 seconds
Domain Reload Profiling: 514ms
	BeginReloadAssembly (70ms)
		ExecutionOrderSort (0ms)
		DisableScriptedObjects (2ms)
		BackupInstance (0ms)
		ReleaseScriptingObjects (0ms)
		CreateAndSetChildDomain (25ms)
	RebuildCommonClasses (19ms)
	RebuildNativeTypeToScriptingClass (7ms)
	initialDomainReloadingComplete (10ms)
	LoadAllAssembliesAndSetupDomain (84ms)
		LoadAssemblies (96ms)
		RebuildTransferFunctionScriptingTraits (0ms)
		AnalyzeDomain (12ms)
			TypeCache.Refresh (5ms)
				TypeCache.ScanAssembly (0ms)
			ScanForSourceGeneratedMonoScriptInfo (4ms)
			ResolveRequiredComponents (2ms)
	FinalizeReload (323ms)
		ReleaseScriptCaches (0ms)
		RebuildScriptCaches (0ms)
		SetupLoadedEditorAssemblies (178ms)
			LogAssemblyErrors (0ms)
			InitializePlatformSupportModulesInManaged (2ms)
			SetLoadedEditorAssemblies (2ms)
			RefreshPlugins (0ms)
			BeforeProcessingInitializeOnLoad (27ms)
			ProcessInitializeOnLoadAttributes (137ms)
			ProcessInitializeOnLoadMethodAttributes (10ms)
			AfterProcessingInitializeOnLoad (1ms)
			EditorAssembliesLoaded (0ms)
		ExecutionOrderSort2 (0ms)
		AwakeInstancesAfterBackupRestoration (2ms)
Refreshing native plugins compatible for Editor in 0.81 ms, found 2 plugins.
Preloading 0 native plugins for Editor in 0.00 ms.
Unloading 3084 Unused Serialized files (Serialized files now loaded: 0)
Unloading 23 unused Assets / (31.0 KB). Loaded Objects now: 3585.
Memory consumption went from 137.9 MB to 137.8 MB.
Total: 2.123958 ms (FindLiveObjects: 0.123917 ms CreateObjectMapping: 0.036291 ms MarkObjects: 1.934834 ms  DeleteObjects: 0.028375 ms)

Prepare: number of updated asset objects reloaded= 0
AssetImportParameters requested are different than current active one (requested -> active):
  custom:container-demuxer-ogg: 62fdf1f143b41e24485cea50d1cbac27 -> 
  custom:video-decoder-ogg-theora: a1e56fd34408186e4bbccfd4996cb3dc -> 
  custom:CustomObjectIndexerAttribute: 756ad292c208cfabdd7b50bc23989ffe -> 
  custom:container-demuxer-webm: 4f35f7cbe854078d1ac9338744f61a02 -> 
  custom:container-muxer-webm: aa71ff27fc2769a1b78a27578f13a17b -> 
  custom:video-decoder-webm-vp8: 9c59270c3fd7afecdb556c50c9e8de78 -> 
  custom:SearchIndexIgnoredProperties: e643bd26f0fe6173181afceb89e7c659 -> 
  custom:AudioImporter_EditorPlatform: 3918e3fc78b5a79bad01e8451be0beb8 -> 
  custom:framework-osx-AVFoundation: e770b220cccbd017edd2c1fefb359320 -> 
  custom:video-encoder-webm-vp8: eb34c28f22e8b96e1ab97ce403110664 -> 
  custom:audio-decoder-ogg-vorbis: bf7c407c2cedff20999df2af8eb42d56 -> 
  custom:audio-encoder-webm-vorbis: bf7c407c2cedff20999df2af8eb42d56 -> 
========================================================================
Received Prepare
Begin MonoManager ReloadAssembly
Thread 0x17ff87000 may have been prematurely finalized
- Loaded All Assemblies, in  0.199 seconds
Refreshing native plugins compatible for Editor in 0.63 ms, found 2 plugins.
Native extension for OSXStandalone target not found
[Package Manager] Server::EnsureServerProcessIsRunning -- launch failed, reason: Unity was launched with the -noUpm command-line argument
[Package Manager] UpmClient::Send -- Unable to send message (not connected to UPM process).
[Package Manager] Cannot connect to Unity Package Manager local server
Mono: successfully reloaded assembly
- Finished resetting the current domain, in  0.522 seconds
Domain Reload Profiling: 721ms
	BeginReloadAssembly (66ms)
		ExecutionOrderSort (0ms)
		DisableScriptedObjects (2ms)
		BackupInstance (0ms)
		ReleaseScriptingObjects (0ms)
		CreateAndSetChildDomain (20ms)
	RebuildCommonClasses (18ms)
	RebuildNativeTypeToScriptingClass (7ms)
	initialDomainReloadingComplete (10ms)
	LoadAllAssembliesAndSetupDomain (98ms)
		LoadAssemblies (111ms)
		RebuildTransferFunctionScriptingTraits (0ms)
		AnalyzeDomain (11ms)
			TypeCache.Refresh (4ms)
				TypeCache.ScanAssembly (0ms)
			ScanForSourceGeneratedMonoScriptInfo (4ms)
			ResolveRequiredComponents (2ms)
	FinalizeReload (522ms)
		ReleaseScriptCaches (0ms)
		RebuildScriptCaches (0ms)
		SetupLoadedEditorAssemblies (164ms)
			LogAssemblyErrors (0ms)
			InitializePlatformSupportModulesInManaged (2ms)
			SetLoadedEditorAssemblies (2ms)
			RefreshPlugins (0ms)
			BeforeProcessingInitializeOnLoad (26ms)
			ProcessInitializeOnLoadAttributes (125ms)
			ProcessInitializeOnLoadMethodAttributes (8ms)
			AfterProcessingInitializeOnLoad (1ms)
			EditorAssembliesLoaded (0ms)
		ExecutionOrderSort2 (0ms)
		AwakeInstancesAfterBackupRestoration (2ms)
Refreshing native plugins compatible for Editor in 0.66 ms, found 2 plugins.
Preloading 0 native plugins for Editor in 0.00 ms.
Unloading 3085 Unused Serialized files (Serialized files now loaded: 0)
Unloading 23 unused Assets / (31.1 KB). Loaded Objects now: 3588.
Memory consumption went from 142.9 MB to 142.9 MB.
Total: 1.786875 ms (FindLiveObjects: 0.096625 ms CreateObjectMapping: 0.033459 ms MarkObjects: 1.628125 ms  DeleteObjects: 0.028209 ms)

Prepare: number of updated asset objects reloaded= 0
AssetImportParameters requested are different than current active one (requested -> active):
  custom:container-demuxer-ogg: 62fdf1f143b41e24485cea50d1cbac27 -> 
  custom:video-decoder-ogg-theora: a1e56fd34408186e4bbccfd4996cb3dc -> 
  custom:CustomObjectIndexerAttribute: 756ad292c208cfabdd7b50bc23989ffe -> 
  custom:container-demuxer-webm: 4f35f7cbe854078d1ac9338744f61a02 -> 
  custom:container-muxer-webm: aa71ff27fc2769a1b78a27578f13a17b -> 
  custom:video-decoder-webm-vp8: 9c59270c3fd7afecdb556c50c9e8de78 -> 
  custom:SearchIndexIgnoredProperties: e643bd26f0fe6173181afceb89e7c659 -> 
  custom:AudioImporter_EditorPlatform: 3918e3fc78b5a79bad01e8451be0beb8 -> 
  custom:framework-osx-AVFoundation: e770b220cccbd017edd2c1fefb359320 -> 
  custom:video-encoder-webm-vp8: eb34c28f22e8b96e1ab97ce403110664 -> 
  custom:audio-decoder-ogg-vorbis: bf7c407c2cedff20999df2af8eb42d56 -> 
  custom:audio-encoder-webm-vorbis: bf7c407c2cedff20999df2af8eb42d56 -> 
========================================================================
Received Import Request.
  Time since last request: 1953.997116 seconds.
  path: Assets/Scripts/LobbySceneTo.cs
  artifactKey: Guid(a77de2633a06841048a82cb1415fbe58) Importer(815301076,1909f56bfc062723c751e8b465ee728b)
Start importing Assets/Scripts/LobbySceneTo.cs using Guid(a77de2633a06841048a82cb1415fbe58) Importer(815301076,1909f56bfc062723c751e8b465ee728b)  -> (artifact id: 'c81233ff9438361e029de78024726d56') in 0.000920 seconds
Number of updated asset objects reloaded before import = 0
Number of asset objects unloaded after import = 0
========================================================================
Received Prepare
Begin MonoManager ReloadAssembly
Thread 0x17ff87000 may have been prematurely finalized
- Loaded All Assemblies, in  0.180 seconds
Refreshing native plugins compatible for Editor in 0.57 ms, found 2 plugins.
Native extension for OSXStandalone target not found
[Package Manager] Server::EnsureServerProcessIsRunning -- launch failed, reason: Unity was launched with the -noUpm command-line argument
[Package Manager] UpmClient::Send -- Unable to send message (not connected to UPM process).
[Package Manager] Cannot connect to Unity Package Manager local server
Mono: successfully reloaded assembly
- Finished resetting the current domain, in  0.289 seconds
Domain Reload Profiling: 470ms
	BeginReloadAssembly (66ms)
		ExecutionOrderSort (0ms)
		DisableScriptedObjects (2ms)
		BackupInstance (0ms)
		ReleaseScriptingObjects (0ms)
		CreateAndSetChildDomain (21ms)
	RebuildCommonClasses (18ms)
	RebuildNativeTypeToScriptingClass (7ms)
	initialDomainReloadingComplete (10ms)
	LoadAllAssembliesAndSetupDomain (79ms)
		LoadAssemblies (92ms)
		RebuildTransferFunctionScriptingTraits (0ms)
		AnalyzeDomain (10ms)
			TypeCache.Refresh (4ms)
				TypeCache.ScanAssembly (0ms)
			ScanForSourceGeneratedMonoScriptInfo (4ms)
			ResolveRequiredComponents (2ms)
	FinalizeReload (289ms)
		ReleaseScriptCaches (0ms)
		RebuildScriptCaches (0ms)
		SetupLoadedEditorAssemblies (155ms)
			LogAssemblyErrors (0ms)
			InitializePlatformSupportModulesInManaged (2ms)
			SetLoadedEditorAssemblies (2ms)
			RefreshPlugins (0ms)
			BeforeProcessingInitializeOnLoad (23ms)
			ProcessInitializeOnLoadAttributes (119ms)
			ProcessInitializeOnLoadMethodAttributes (8ms)
			AfterProcessingInitializeOnLoad (0ms)
			EditorAssembliesLoaded (0ms)
		ExecutionOrderSort2 (0ms)
		AwakeInstancesAfterBackupRestoration (2ms)
Refreshing native plugins compatible for Editor in 0.68 ms, found 2 plugins.
Preloading 0 native plugins for Editor in 0.00 ms.
Unloading 3084 Unused Serialized files (Serialized files now loaded: 0)
Unloading 23 unused Assets / (31.1 KB). Loaded Objects now: 3591.
Memory consumption went from 149.2 MB to 149.2 MB.
Total: 1.995000 ms (FindLiveObjects: 0.108417 ms CreateObjectMapping: 0.027958 ms MarkObjects: 1.821500 ms  DeleteObjects: 0.036542 ms)

Prepare: number of updated asset objects reloaded= 0
AssetImportParameters requested are different than current active one (requested -> active):
  custom:container-demuxer-ogg: 62fdf1f143b41e24485cea50d1cbac27 -> 
  custom:video-decoder-ogg-theora: a1e56fd34408186e4bbccfd4996cb3dc -> 
  custom:CustomObjectIndexerAttribute: 756ad292c208cfabdd7b50bc23989ffe -> 
  custom:container-demuxer-webm: 4f35f7cbe854078d1ac9338744f61a02 -> 
  custom:container-muxer-webm: aa71ff27fc2769a1b78a27578f13a17b -> 
  custom:video-decoder-webm-vp8: 9c59270c3fd7afecdb556c50c9e8de78 -> 
  custom:SearchIndexIgnoredProperties: e643bd26f0fe6173181afceb89e7c659 -> 
  custom:AudioImporter_EditorPlatform: 3918e3fc78b5a79bad01e8451be0beb8 -> 
  custom:framework-osx-AVFoundation: e770b220cccbd017edd2c1fefb359320 -> 
  custom:video-encoder-webm-vp8: eb34c28f22e8b96e1ab97ce403110664 -> 
  custom:audio-decoder-ogg-vorbis: bf7c407c2cedff20999df2af8eb42d56 -> 
  custom:audio-encoder-webm-vorbis: bf7c407c2cedff20999df2af8eb42d56 -> 
========================================================================
Received Import Request.
  Time since last request: 472.230198 seconds.
  path: Assets/Scripts/LobbySceneTo.cs
  artifactKey: Guid(a77de2633a06841048a82cb1415fbe58) Importer(815301076,1909f56bfc062723c751e8b465ee728b)
Start importing Assets/Scripts/LobbySceneTo.cs using Guid(a77de2633a06841048a82cb1415fbe58) Importer(815301076,1909f56bfc062723c751e8b465ee728b)  -> (artifact id: '7582e08fafa6713dc458793f3d7466f6') in 0.001231 seconds
Number of updated asset objects reloaded before import = 0
Number of asset objects unloaded after import = 0
========================================================================
Received Import Request.
  Time since last request: 7.535304 seconds.
  path: Assets/Scripts/LobbySceneTo.cs
  artifactKey: Guid(a77de2633a06841048a82cb1415fbe58) Importer(815301076,1909f56bfc062723c751e8b465ee728b)
Start importing Assets/Scripts/LobbySceneTo.cs using Guid(a77de2633a06841048a82cb1415fbe58) Importer(815301076,1909f56bfc062723c751e8b465ee728b)  -> (artifact id: 'cd8c0784eb9c1a4c0383676f0708c97a') in 0.000232 seconds
Number of updated asset objects reloaded before import = 0
Number of asset objects unloaded after import = 0
========================================================================
Received Prepare
Begin MonoManager ReloadAssembly
Thread 0x17ff87000 may have been prematurely finalized
- Loaded All Assemblies, in  0.182 seconds
Refreshing native plugins compatible for Editor in 0.66 ms, found 2 plugins.
Native extension for OSXStandalone target not found
[Package Manager] Server::EnsureServerProcessIsRunning -- launch failed, reason: Unity was launched with the -noUpm command-line argument
[Package Manager] UpmClient::Send -- Unable to send message (not connected to UPM process).
[Package Manager] Cannot connect to Unity Package Manager local server
Mono: successfully reloaded assembly
- Finished resetting the current domain, in  0.294 seconds
Domain Reload Profiling: 476ms
	BeginReloadAssembly (67ms)
		ExecutionOrderSort (0ms)
		DisableScriptedObjects (2ms)
		BackupInstance (0ms)
		ReleaseScriptingObjects (0ms)
		CreateAndSetChildDomain (20ms)
	RebuildCommonClasses (18ms)
	RebuildNativeTypeToScriptingClass (7ms)
	initialDomainReloadingComplete (10ms)
	LoadAllAssembliesAndSetupDomain (80ms)
		LoadAssemblies (94ms)
		RebuildTransferFunctionScriptingTraits (0ms)
		AnalyzeDomain (11ms)
			TypeCache.Refresh (5ms)
				TypeCache.ScanAssembly (0ms)
			ScanForSourceGeneratedMonoScriptInfo (4ms)
			ResolveRequiredComponents (2ms)
	FinalizeReload (294ms)
		ReleaseScriptCaches (0ms)
		RebuildScriptCaches (0ms)
		SetupLoadedEditorAssemblies (157ms)
			LogAssemblyErrors (0ms)
			InitializePlatformSupportModulesInManaged (2ms)
			SetLoadedEditorAssemblies (2ms)
			RefreshPlugins (0ms)
			BeforeProcessingInitializeOnLoad (24ms)
			ProcessInitializeOnLoadAttributes (121ms)
			ProcessInitializeOnLoadMethodAttributes (8ms)
			AfterProcessingInitializeOnLoad (1ms)
			EditorAssembliesLoaded (0ms)
		ExecutionOrderSort2 (0ms)
		AwakeInstancesAfterBackupRestoration (2ms)
Refreshing native plugins compatible for Editor in 0.63 ms, found 2 plugins.
Preloading 0 native plugins for Editor in 0.00 ms.
Unloading 3084 Unused Serialized files (Serialized files now loaded: 0)
Unloading 23 unused Assets / (31.1 KB). Loaded Objects now: 3594.
Memory consumption went from 156.3 MB to 156.3 MB.
Total: 1.815083 ms (FindLiveObjects: 0.104917 ms CreateObjectMapping: 0.028708 ms MarkObjects: 1.651834 ms  DeleteObjects: 0.029083 ms)

Prepare: number of updated asset objects reloaded= 0
AssetImportParameters requested are different than current active one (requested -> active):
  custom:container-demuxer-ogg: 62fdf1f143b41e24485cea50d1cbac27 -> 
  custom:video-decoder-ogg-theora: a1e56fd34408186e4bbccfd4996cb3dc -> 
  custom:CustomObjectIndexerAttribute: 756ad292c208cfabdd7b50bc23989ffe -> 
  custom:container-demuxer-webm: 4f35f7cbe854078d1ac9338744f61a02 -> 
  custom:container-muxer-webm: aa71ff27fc2769a1b78a27578f13a17b -> 
  custom:video-decoder-webm-vp8: 9c59270c3fd7afecdb556c50c9e8de78 -> 
  custom:SearchIndexIgnoredProperties: e643bd26f0fe6173181afceb89e7c659 -> 
  custom:AudioImporter_EditorPlatform: 3918e3fc78b5a79bad01e8451be0beb8 -> 
  custom:framework-osx-AVFoundation: e770b220cccbd017edd2c1fefb359320 -> 
  custom:video-encoder-webm-vp8: eb34c28f22e8b96e1ab97ce403110664 -> 
  custom:audio-decoder-ogg-vorbis: bf7c407c2cedff20999df2af8eb42d56 -> 
  custom:audio-encoder-webm-vorbis: bf7c407c2cedff20999df2af8eb42d56 -> 
========================================================================
Received Import Request.
  Time since last request: 197.665666 seconds.
  path: Assets/Scripts/LobbySceneTo.cs
  artifactKey: Guid(a77de2633a06841048a82cb1415fbe58) Importer(815301076,1909f56bfc062723c751e8b465ee728b)
Start importing Assets/Scripts/LobbySceneTo.cs using Guid(a77de2633a06841048a82cb1415fbe58) Importer(815301076,1909f56bfc062723c751e8b465ee728b)  -> (artifact id: '596a7787cca18933411659094077ecf8') in 0.001277 seconds
Number of updated asset objects reloaded before import = 0
Number of asset objects unloaded after import = 0
========================================================================
Received Import Request.
  Time since last request: 16.748924 seconds.
  path: Assets/Scenes/CustomScene.unity
  artifactKey: Guid(e07b8262dce0c4428a0acd1f4de219a4) Importer(815301076,1909f56bfc062723c751e8b465ee728b)
Start importing Assets/Scenes/CustomScene.unity using Guid(e07b8262dce0c4428a0acd1f4de219a4) Importer(815301076,1909f56bfc062723c751e8b465ee728b)  -> (artifact id: 'e7332859d9a23601dc7f038f32e2c1ed') in 0.000575 seconds
Number of updated asset objects reloaded before import = 0
Number of asset objects unloaded after import = 0
========================================================================
Received Import Request.
  Time since last request: 35.906728 seconds.
  path: Assets/Scenes/OptionScene.unity
  artifactKey: Guid(1ad0e7e2fd7a34f8a9b77e0dcd462bfc) Importer(815301076,1909f56bfc062723c751e8b465ee728b)
Start importing Assets/Scenes/OptionScene.unity using Guid(1ad0e7e2fd7a34f8a9b77e0dcd462bfc) Importer(815301076,1909f56bfc062723c751e8b465ee728b)  -> (artifact id: '11bd8304ba1333781a061c6ea7776b34') in 0.000429 seconds
Number of updated asset objects reloaded before import = 0
Number of asset objects unloaded after import = 0
========================================================================
Received Import Request.
  Time since last request: 489.867629 seconds.
  path: Assets/Fonts(TMP)/TextMesh Pro/Resources/Fonts & Materials/HakgyoansimEunhasuR SDF.asset
  artifactKey: Guid(75c6e42a3acbc4651987d7b831059e6d) Importer(815301076,1909f56bfc062723c751e8b465ee728b)
Start importing Assets/Fonts(TMP)/TextMesh Pro/Resources/Fonts & Materials/HakgyoansimEunhasuR SDF.asset using Guid(75c6e42a3acbc4651987d7b831059e6d) Importer(815301076,1909f56bfc062723c751e8b465ee728b)  -> (artifact id: 'af3519fac2c4ebf589d65c6a9777231a') in 0.144400 seconds
Number of updated asset objects reloaded before import = 0
Number of asset objects unloaded after import = 6
========================================================================
Received Import Request.
  Time since last request: 0.000049 seconds.
  path: Assets/Fonts(TMP)/TextMesh Pro/Resources/Fonts & Materials/LiberationSans SDF.asset
  artifactKey: Guid(8f586378b4e144a9851e7b34d9b748ee) Importer(815301076,1909f56bfc062723c751e8b465ee728b)
Start importing Assets/Fonts(TMP)/TextMesh Pro/Resources/Fonts & Materials/LiberationSans SDF.asset using Guid(8f586378b4e144a9851e7b34d9b748ee) Importer(815301076,1909f56bfc062723c751e8b465ee728b)  -> (artifact id: '4574880e9dff323a71a9642126f01ea7') in 0.013846 seconds
Number of updated asset objects reloaded before import = 0
Number of asset objects unloaded after import = 9
========================================================================
Received Import Request.
  Time since last request: 2900.738706 seconds.
  path: Assets/Fonts(TMP)/TextMesh Pro/Resources/Fonts & Materials/HakgyoansimEunhasuR SDF.asset
  artifactKey: Guid(75c6e42a3acbc4651987d7b831059e6d) Importer(815301076,1909f56bfc062723c751e8b465ee728b)
Start importing Assets/Fonts(TMP)/TextMesh Pro/Resources/Fonts & Materials/HakgyoansimEunhasuR SDF.asset using Guid(75c6e42a3acbc4651987d7b831059e6d) Importer(815301076,1909f56bfc062723c751e8b465ee728b)  -> (artifact id: 'fefcf4a4520bd424b7da372d94d91cde') in 0.105617 seconds
Number of updated asset objects reloaded before import = 0
Number of asset objects unloaded after import = 6
========================================================================
Received Import Request.
  Time since last request: 128.451591 seconds.
  path: Assets/Scenes/LobbyScene.unity
  artifactKey: Guid(9fc0d4010bbf28b4594072e72b8655ab) Importer(815301076,1909f56bfc062723c751e8b465ee728b)
Start importing Assets/Scenes/LobbyScene.unity using Guid(9fc0d4010bbf28b4594072e72b8655ab) Importer(815301076,1909f56bfc062723c751e8b465ee728b)  -> (artifact id: 'd111b473d4311174d220abf94ca8098d') in 0.001576 seconds
Number of updated asset objects reloaded before import = 0
Number of asset objects unloaded after import = 0
========================================================================
Received Import Request.
  Time since last request: 1.664874 seconds.
  path: Assets/Scenes/OptionScene.unity
  artifactKey: Guid(1ad0e7e2fd7a34f8a9b77e0dcd462bfc) Importer(815301076,1909f56bfc062723c751e8b465ee728b)
Start importing Assets/Scenes/OptionScene.unity using Guid(1ad0e7e2fd7a34f8a9b77e0dcd462bfc) Importer(815301076,1909f56bfc062723c751e8b465ee728b)  -> (artifact id: '343ba916732b7b68ef5d5658299ecb85') in 0.000894 seconds
Number of updated asset objects reloaded before import = 0
Number of asset objects unloaded after import = 0
========================================================================
Received Import Request.
  Time since last request: 28.242058 seconds.
  path: Assets/Scenes/LoadingScene.unity
  artifactKey: Guid(bc0642b89c5ae4fc58b4606e66d1fc64) Importer(815301076,1909f56bfc062723c751e8b465ee728b)
Start importing Assets/Scenes/LoadingScene.unity using Guid(bc0642b89c5ae4fc58b4606e66d1fc64) Importer(815301076,1909f56bfc062723c751e8b465ee728b)  -> (artifact id: 'b2cb66616f3bf3dc7a6eb6d9fc44866e') in 0.000545 seconds
Number of updated asset objects reloaded before import = 0
Number of asset objects unloaded after import = 0
========================================================================
Received Import Request.
  Time since last request: 44.825999 seconds.
  path: Assets/Scenes/LoadingScene.unity
  artifactKey: Guid(bc0642b89c5ae4fc58b4606e66d1fc64) Importer(815301076,1909f56bfc062723c751e8b465ee728b)
Start importing Assets/Scenes/LoadingScene.unity using Guid(bc0642b89c5ae4fc58b4606e66d1fc64) Importer(815301076,1909f56bfc062723c751e8b465ee728b)  -> (artifact id: 'c206c6afc3f5ea496ef8322f1adf4d61') in 0.001088 seconds
Number of updated asset objects reloaded before import = 0
Number of asset objects unloaded after import = 0
========================================================================
Received Import Request.
  Time since last request: 24.599171 seconds.
  path: Assets/Fonts(TMP)/TextMesh Pro/Resources/Fonts & Materials/HakgyoansimEunhasuR SDF.asset
  artifactKey: Guid(75c6e42a3acbc4651987d7b831059e6d) Importer(815301076,1909f56bfc062723c751e8b465ee728b)
Start importing Assets/Fonts(TMP)/TextMesh Pro/Resources/Fonts & Materials/HakgyoansimEunhasuR SDF.asset using Guid(75c6e42a3acbc4651987d7b831059e6d) Importer(815301076,1909f56bfc062723c751e8b465ee728b)  -> (artifact id: '4b8c8d964f9e5086646ca4ef5ac0cefb') in 0.091496 seconds
Number of updated asset objects reloaded before import = 0
Number of asset objects unloaded after import = 6
========================================================================
Received Import Request.
  Time since last request: 931.775088 seconds.
  path: Assets/Scenes/LoadingScene.unity
  artifactKey: Guid(bc0642b89c5ae4fc58b4606e66d1fc64) Importer(815301076,1909f56bfc062723c751e8b465ee728b)
Start importing Assets/Scenes/LoadingScene.unity using Guid(bc0642b89c5ae4fc58b4606e66d1fc64) Importer(815301076,1909f56bfc062723c751e8b465ee728b)  -> (artifact id: '7fc71ce993a417df1c71fdc08e02470f') in 0.002006 seconds
Number of updated asset objects reloaded before import = 0
Number of asset objects unloaded after import = 0
========================================================================
Received Import Request.
  Time since last request: 0.862130 seconds.
  path: Assets/Scenes/LobbyScene.unity
  artifactKey: Guid(9fc0d4010bbf28b4594072e72b8655ab) Importer(815301076,1909f56bfc062723c751e8b465ee728b)
Start importing Assets/Scenes/LobbyScene.unity using Guid(9fc0d4010bbf28b4594072e72b8655ab) Importer(815301076,1909f56bfc062723c751e8b465ee728b)  -> (artifact id: '5ea97b380c33c67aca321331725bf92a') in 0.001013 seconds
Number of updated asset objects reloaded before import = 0
Number of asset objects unloaded after import = 0
========================================================================
Received Import Request.
  Time since last request: 950.335283 seconds.
  path: Assets/Scenes/LoadingScene.unity
  artifactKey: Guid(bc0642b89c5ae4fc58b4606e66d1fc64) Importer(815301076,1909f56bfc062723c751e8b465ee728b)
Start importing Assets/Scenes/LoadingScene.unity using Guid(bc0642b89c5ae4fc58b4606e66d1fc64) Importer(815301076,1909f56bfc062723c751e8b465ee728b)  -> (artifact id: 'bc2c608d97918d63a0bd1d87e1829bee') in 0.000726 seconds
Number of updated asset objects reloaded before import = 0
Number of asset objects unloaded after import = 0
